<?xml version="1.0" encoding="utf-8"?>
<CoverageSession>
  <Summary numSequencePoints="354" visitedSequencePoints="81" numBranchPoints="50" visitedBranchPoints="12" sequenceCoverage="22.88" branchCoverage="24" maxCyclomaticComplexity="139" minCyclomaticComplexity="139" visitedClasses="8" numClasses="22" visitedMethods="19" numMethods="101" />
  <Modules>
    <Module hash="2339D1B2-62C6-4A81-B283-8C58CF52F1C7">
      <ModulePath>Reloadly.Core.dll</ModulePath>
      <ModuleTime>2021-05-20T09:35:29</ModuleTime>
      <ModuleName>Reloadly.Core</ModuleName>
      <Files>
        <File uid="1" fullPath="C:\projects\xiixi\reloadly\reloadly-sdk-.NET\dotnet-sdk-core\src\main\Reloadly.Core\Internal\Net\ReloadlyRequest.cs" />
        <File uid="2" fullPath="C:\projects\xiixi\reloadly\reloadly-sdk-.NET\dotnet-sdk-core\src\main\Reloadly.Core\Internal\Net\ReloadlyRequestOfT.cs" />
        <File uid="3" fullPath="C:\projects\xiixi\reloadly\reloadly-sdk-.NET\dotnet-sdk-core\src\main\Reloadly.Core\Internal\Utility\Base64.cs" />
        <File uid="4" fullPath="C:\projects\xiixi\reloadly\reloadly-sdk-.NET\dotnet-sdk-core\src\main\Reloadly.Core\Internal\Utility\TelemetryUtility.cs" />
        <File uid="5" fullPath="C:\projects\xiixi\reloadly\reloadly-sdk-.NET\dotnet-sdk-core\src\main\Reloadly.Core\Internal\Net\ReloadlyHttpClient.cs" />
        <File uid="6" fullPath="C:\projects\xiixi\reloadly\reloadly-sdk-.NET\dotnet-sdk-core\src\main\Reloadly.Core\Internal\Net\ServiceApi.cs" />
        <File uid="7" fullPath="C:\projects\xiixi\reloadly\reloadly-sdk-.NET\dotnet-sdk-core\src\main\Reloadly.Core\Internal\Net\Telemetry.cs" />
        <File uid="8" fullPath="C:\projects\xiixi\reloadly\reloadly-sdk-.NET\dotnet-sdk-core\src\main\Reloadly.Core\Internal\Filter\BaseFilter.cs" />
        <File uid="9" fullPath="C:\projects\xiixi\reloadly\reloadly-sdk-.NET\dotnet-sdk-core\src\main\Reloadly.Core\Internal\Filter\QueryFilter.cs" />
        <File uid="10" fullPath="C:\projects\xiixi\reloadly\reloadly-sdk-.NET\dotnet-sdk-core\src\main\Reloadly.Core\Internal\Client\BaseOperation.cs" />
        <File uid="11" fullPath="C:\projects\xiixi\reloadly\reloadly-sdk-.NET\dotnet-sdk-core\src\main\Reloadly.Core\Exception\ApiException.cs" />
        <File uid="12" fullPath="C:\projects\xiixi\reloadly\reloadly-sdk-.NET\dotnet-sdk-core\src\main\Reloadly.Core\Exception\RateLimitException.cs" />
        <File uid="13" fullPath="C:\projects\xiixi\reloadly\reloadly-sdk-.NET\dotnet-sdk-core\src\main\Reloadly.Core\Exception\ReloadlyException.cs" />
        <File uid="14" fullPath="C:\projects\xiixi\reloadly\reloadly-sdk-.NET\dotnet-sdk-core\src\main\Reloadly.Core\Exception\Oauth\ReloadlyOAuthException.cs" />
        <File uid="15" fullPath="C:\projects\xiixi\reloadly\reloadly-sdk-.NET\dotnet-sdk-core\src\main\Reloadly.Core\Exception\Oauth\ReloadlyOAuthExceptionOfT.cs" />
        <File uid="16" fullPath="C:\projects\xiixi\reloadly\reloadly-sdk-.NET\dotnet-sdk-core\src\main\Reloadly.Core\Enums\ReloadlyService.cs" />
        <File uid="17" fullPath="C:\projects\xiixi\reloadly\reloadly-sdk-.NET\dotnet-sdk-core\src\main\Reloadly.Core\Dto\Response\Page.cs" />
        <File uid="18" fullPath="C:\projects\xiixi\reloadly\reloadly-sdk-.NET\dotnet-sdk-core\src\main\Reloadly.Core\Constant\ServiceUrls.cs" />
      </Files>
      <Classes>
        <Class>
          <Summary numSequencePoints="37" visitedSequencePoints="16" numBranchPoints="4" visitedBranchPoints="2" sequenceCoverage="43.24" branchCoverage="50" maxCyclomaticComplexity="4" minCyclomaticComplexity="1" visitedClasses="1" numClasses="1" visitedMethods="7" numMethods="11" />
          <FullName>Reloadly.Core.Internal.ReloadlyRequest</FullName>
          <Methods>
            <Method cyclomaticComplexity="1" nPathComplexity="0" sequenceCoverage="100" branchCoverage="100" isConstructor="False" isGetter="True" isSetter="False" isStatic="True">
              <Summary numSequencePoints="1" visitedSequencePoints="1" numBranchPoints="0" visitedBranchPoints="0" sequenceCoverage="100" branchCoverage="100" maxCyclomaticComplexity="1" minCyclomaticComplexity="1" visitedClasses="0" numClasses="0" visitedMethods="1" numMethods="1" />
              <MetadataToken />
              <Name>System.Uri Reloadly.Core.Internal.ReloadlyRequest::get_Uri()</Name>
              <FileRef uid="1" />
              <SequencePoints>
                <SequencePoint vc="6" uspid="12" ordinal="0" sl="12" sc="1" el="12" ec="2" bec="0" bev="0" fileid="1" />
              </SequencePoints>
              <BranchPoints />
              <MethodPoint vc="1" uspid="0" p8:type="SequencePoint" ordinal="0" offset="0" sc="0" sl="12" ec="1" el="12" bec="0" bev="0" fileid="1" xmlns:p8="xsi" />
            </Method>
            <Method cyclomaticComplexity="1" nPathComplexity="0" sequenceCoverage="100" branchCoverage="100" isConstructor="False" isGetter="True" isSetter="False" isStatic="True">
              <Summary numSequencePoints="1" visitedSequencePoints="1" numBranchPoints="0" visitedBranchPoints="0" sequenceCoverage="100" branchCoverage="100" maxCyclomaticComplexity="1" minCyclomaticComplexity="1" visitedClasses="0" numClasses="0" visitedMethods="1" numMethods="1" />
              <MetadataToken />
              <Name>System.Net.Http.HttpMethod Reloadly.Core.Internal.ReloadlyRequest::get_Method()</Name>
              <FileRef uid="1" />
              <SequencePoints>
                <SequencePoint vc="6" uspid="13" ordinal="0" sl="13" sc="1" el="13" ec="2" bec="0" bev="0" fileid="1" />
              </SequencePoints>
              <BranchPoints />
              <MethodPoint vc="1" uspid="0" p8:type="SequencePoint" ordinal="1" offset="1" sc="0" sl="13" ec="1" el="13" bec="0" bev="0" fileid="1" xmlns:p8="xsi" />
            </Method>
            <Method cyclomaticComplexity="1" nPathComplexity="0" sequenceCoverage="100" branchCoverage="100" isConstructor="False" isGetter="True" isSetter="False" isStatic="True">
              <Summary numSequencePoints="1" visitedSequencePoints="1" numBranchPoints="0" visitedBranchPoints="0" sequenceCoverage="100" branchCoverage="100" maxCyclomaticComplexity="1" minCyclomaticComplexity="1" visitedClasses="0" numClasses="0" visitedMethods="1" numMethods="1" />
              <MetadataToken />
              <Name>System.Object Reloadly.Core.Internal.ReloadlyRequest::get_Body()</Name>
              <FileRef uid="1" />
              <SequencePoints>
                <SequencePoint vc="2" uspid="15" ordinal="0" sl="15" sc="1" el="15" ec="2" bec="0" bev="0" fileid="1" />
              </SequencePoints>
              <BranchPoints />
              <MethodPoint vc="1" uspid="0" p8:type="SequencePoint" ordinal="2" offset="2" sc="0" sl="15" ec="1" el="15" bec="0" bev="0" fileid="1" xmlns:p8="xsi" />
            </Method>
            <Method cyclomaticComplexity="1" nPathComplexity="0" sequenceCoverage="100" branchCoverage="100" isConstructor="False" isGetter="True" isSetter="False" isStatic="True">
              <Summary numSequencePoints="1" visitedSequencePoints="1" numBranchPoints="0" visitedBranchPoints="0" sequenceCoverage="100" branchCoverage="100" maxCyclomaticComplexity="1" minCyclomaticComplexity="1" visitedClasses="0" numClasses="0" visitedMethods="1" numMethods="1" />
              <MetadataToken />
              <Name>System.Collections.Generic.Dictionary`2&lt;System.String,System.String&gt; Reloadly.Core.Internal.ReloadlyRequest::get_RequestHeaders()</Name>
              <FileRef uid="1" />
              <SequencePoints>
                <SequencePoint vc="4" uspid="16" ordinal="0" sl="16" sc="1" el="16" ec="2" bec="0" bev="0" fileid="1" />
              </SequencePoints>
              <BranchPoints />
              <MethodPoint vc="1" uspid="0" p8:type="SequencePoint" ordinal="3" offset="3" sc="0" sl="16" ec="1" el="16" bec="0" bev="0" fileid="1" xmlns:p8="xsi" />
            </Method>
            <Method cyclomaticComplexity="1" nPathComplexity="0" sequenceCoverage="100" branchCoverage="100" isConstructor="False" isGetter="True" isSetter="False" isStatic="True">
              <Summary numSequencePoints="1" visitedSequencePoints="1" numBranchPoints="0" visitedBranchPoints="0" sequenceCoverage="100" branchCoverage="100" maxCyclomaticComplexity="1" minCyclomaticComplexity="1" visitedClasses="0" numClasses="0" visitedMethods="1" numMethods="1" />
              <MetadataToken />
              <Name>System.Collections.Generic.Dictionary`2&lt;System.String,System.String&gt; Reloadly.Core.Internal.ReloadlyRequest::get_QueryParameters()</Name>
              <FileRef uid="1" />
              <SequencePoints>
                <SequencePoint vc="2" uspid="17" ordinal="0" sl="17" sc="1" el="17" ec="2" bec="0" bev="0" fileid="1" />
              </SequencePoints>
              <BranchPoints />
              <MethodPoint vc="1" uspid="0" p8:type="SequencePoint" ordinal="4" offset="4" sc="0" sl="17" ec="1" el="17" bec="0" bev="0" fileid="1" xmlns:p8="xsi" />
            </Method>
            <Method cyclomaticComplexity="1" nPathComplexity="0" sequenceCoverage="0" branchCoverage="100" isConstructor="False" isGetter="False" isSetter="False" isStatic="True">
              <Summary numSequencePoints="4" visitedSequencePoints="0" numBranchPoints="0" visitedBranchPoints="0" sequenceCoverage="0" branchCoverage="100" maxCyclomaticComplexity="1" minCyclomaticComplexity="1" visitedClasses="0" numClasses="0" visitedMethods="0" numMethods="1" />
              <MetadataToken />
              <Name>Reloadly.Core.Internal.ReloadlyRequest Reloadly.Core.Internal.ReloadlyRequest::SetBody(System.Object)</Name>
              <FileRef uid="1" />
              <SequencePoints>
                <SequencePoint vc="0" uspid="26" ordinal="0" sl="26" sc="1" el="26" ec="2" bec="0" bev="0" fileid="1" />
                <SequencePoint vc="0" uspid="27" ordinal="1" sl="27" sc="1" el="27" ec="2" bec="0" bev="0" fileid="1" />
                <SequencePoint vc="0" uspid="28" ordinal="2" sl="28" sc="1" el="28" ec="2" bec="0" bev="0" fileid="1" />
                <SequencePoint vc="0" uspid="29" ordinal="3" sl="29" sc="1" el="29" ec="2" bec="0" bev="0" fileid="1" />
              </SequencePoints>
              <BranchPoints />
              <MethodPoint vc="0" uspid="0" p8:type="SequencePoint" ordinal="5" offset="5" sc="0" sl="26" ec="1" el="29" bec="0" bev="0" fileid="1" xmlns:p8="xsi" />
            </Method>
            <Method cyclomaticComplexity="1" nPathComplexity="0" sequenceCoverage="0" branchCoverage="100" isConstructor="False" isGetter="False" isSetter="False" isStatic="True">
              <Summary numSequencePoints="4" visitedSequencePoints="0" numBranchPoints="0" visitedBranchPoints="0" sequenceCoverage="0" branchCoverage="100" maxCyclomaticComplexity="1" minCyclomaticComplexity="1" visitedClasses="0" numClasses="0" visitedMethods="0" numMethods="1" />
              <MetadataToken />
              <Name>Reloadly.Core.Internal.ReloadlyRequest Reloadly.Core.Internal.ReloadlyRequest::SetHeader(System.String,System.String)</Name>
              <FileRef uid="1" />
              <SequencePoints>
                <SequencePoint vc="0" uspid="32" ordinal="0" sl="32" sc="1" el="32" ec="2" bec="0" bev="0" fileid="1" />
                <SequencePoint vc="0" uspid="33" ordinal="1" sl="33" sc="1" el="33" ec="2" bec="0" bev="0" fileid="1" />
                <SequencePoint vc="0" uspid="34" ordinal="2" sl="34" sc="1" el="34" ec="2" bec="0" bev="0" fileid="1" />
                <SequencePoint vc="0" uspid="35" ordinal="3" sl="35" sc="1" el="35" ec="2" bec="0" bev="0" fileid="1" />
              </SequencePoints>
              <BranchPoints />
              <MethodPoint vc="0" uspid="0" p8:type="SequencePoint" ordinal="6" offset="6" sc="0" sl="32" ec="1" el="35" bec="0" bev="0" fileid="1" xmlns:p8="xsi" />
            </Method>
            <Method cyclomaticComplexity="1" nPathComplexity="0" sequenceCoverage="0" branchCoverage="100" isConstructor="False" isGetter="False" isSetter="False" isStatic="True">
              <Summary numSequencePoints="4" visitedSequencePoints="0" numBranchPoints="0" visitedBranchPoints="0" sequenceCoverage="0" branchCoverage="100" maxCyclomaticComplexity="1" minCyclomaticComplexity="1" visitedClasses="0" numClasses="0" visitedMethods="0" numMethods="1" />
              <MetadataToken />
              <Name>Reloadly.Core.Internal.ReloadlyRequest Reloadly.Core.Internal.ReloadlyRequest::SetQueryParameter(System.String,System.String)</Name>
              <FileRef uid="1" />
              <SequencePoints>
                <SequencePoint vc="0" uspid="38" ordinal="0" sl="38" sc="1" el="38" ec="2" bec="0" bev="0" fileid="1" />
                <SequencePoint vc="0" uspid="39" ordinal="1" sl="39" sc="1" el="39" ec="2" bec="0" bev="0" fileid="1" />
                <SequencePoint vc="0" uspid="40" ordinal="2" sl="40" sc="1" el="40" ec="2" bec="0" bev="0" fileid="1" />
                <SequencePoint vc="0" uspid="41" ordinal="3" sl="41" sc="1" el="41" ec="2" bec="0" bev="0" fileid="1" />
              </SequencePoints>
              <BranchPoints />
              <MethodPoint vc="0" uspid="0" p8:type="SequencePoint" ordinal="7" offset="7" sc="0" sl="38" ec="1" el="41" bec="0" bev="0" fileid="1" xmlns:p8="xsi" />
            </Method>
            <Method cyclomaticComplexity="4" nPathComplexity="0" sequenceCoverage="46.15" branchCoverage="50" isConstructor="False" isGetter="False" isSetter="False" isStatic="True">
              <Summary numSequencePoints="13" visitedSequencePoints="6" numBranchPoints="4" visitedBranchPoints="2" sequenceCoverage="46.15" branchCoverage="50" maxCyclomaticComplexity="4" minCyclomaticComplexity="4" visitedClasses="0" numClasses="0" visitedMethods="1" numMethods="1" />
              <MetadataToken />
              <Name>System.Net.Http.HttpRequestMessage Reloadly.Core.Internal.ReloadlyRequest::CreateHttpRequestMessage()</Name>
              <FileRef uid="1" />
              <SequencePoints>
                <SequencePoint vc="2" uspid="44" ordinal="0" sl="44" sc="1" el="44" ec="2" bec="0" bev="0" fileid="1" />
                <SequencePoint vc="2" uspid="45" ordinal="1" sl="45" sc="1" el="45" ec="2" bec="0" bev="0" fileid="1" />
                <SequencePoint vc="6" uspid="47" ordinal="2" sl="47" sc="1" el="47" ec="2" bec="2" bev="1" fileid="1" />
                <SequencePoint vc="0" uspid="48" ordinal="3" sl="48" sc="1" el="48" ec="2" bec="0" bev="0" fileid="1" />
                <SequencePoint vc="0" uspid="49" ordinal="4" sl="49" sc="1" el="49" ec="2" bec="0" bev="0" fileid="1" />
                <SequencePoint vc="0" uspid="50" ordinal="5" sl="50" sc="1" el="50" ec="2" bec="0" bev="0" fileid="1" />
                <SequencePoint vc="2" uspid="52" ordinal="6" sl="52" sc="1" el="52" ec="2" bec="2" bev="1" fileid="1" />
                <SequencePoint vc="0" uspid="53" ordinal="7" sl="53" sc="1" el="53" ec="2" bec="0" bev="0" fileid="1" />
                <SequencePoint vc="0" uspid="54" ordinal="8" sl="54" sc="1" el="54" ec="2" bec="0" bev="0" fileid="1" />
                <SequencePoint vc="0" uspid="55" ordinal="9" sl="55" sc="1" el="55" ec="2" bec="0" bev="0" fileid="1" />
                <SequencePoint vc="0" uspid="56" ordinal="10" sl="56" sc="1" el="56" ec="2" bec="0" bev="0" fileid="1" />
                <SequencePoint vc="2" uspid="58" ordinal="11" sl="58" sc="1" el="58" ec="2" bec="0" bev="0" fileid="1" />
                <SequencePoint vc="2" uspid="59" ordinal="12" sl="59" sc="1" el="59" ec="2" bec="0" bev="0" fileid="1" />
              </SequencePoints>
              <BranchPoints>
                <BranchPoint vc="0" uspid="47" ordinal="1" path="1" offset="77" offsetend="34" sl="47" fileid="1" />
                <BranchPoint vc="2" uspid="47" ordinal="0" path="0" offset="77" offsetend="79" sl="47" fileid="1" />
                <BranchPoint vc="0" uspid="52" ordinal="2" path="0" offset="107" offsetend="109" sl="52" fileid="1" />
                <BranchPoint vc="2" uspid="52" ordinal="3" path="1" offset="107" offsetend="144" sl="52" fileid="1" />
              </BranchPoints>
              <MethodPoint vc="6" uspid="0" p8:type="SequencePoint" ordinal="8" offset="8" sc="0" sl="44" ec="1" el="59" bec="0" bev="0" fileid="1" xmlns:p8="xsi" />
            </Method>
            <Method cyclomaticComplexity="1" nPathComplexity="0" sequenceCoverage="0" branchCoverage="100" isConstructor="False" isGetter="False" isSetter="False" isStatic="True">
              <Summary numSequencePoints="2" visitedSequencePoints="0" numBranchPoints="0" visitedBranchPoints="0" sequenceCoverage="0" branchCoverage="100" maxCyclomaticComplexity="1" minCyclomaticComplexity="1" visitedClasses="0" numClasses="0" visitedMethods="0" numMethods="1" />
              <MetadataToken />
              <Name>System.Object Reloadly.Core.Internal.ReloadlyRequest::AddHeader(System.String,System.Object)</Name>
              <FileRef uid="1" />
              <SequencePoints>
                <SequencePoint vc="0" uspid="62" ordinal="0" sl="62" sc="1" el="62" ec="2" bec="0" bev="0" fileid="1" />
                <SequencePoint vc="0" uspid="63" ordinal="1" sl="63" sc="1" el="63" ec="2" bec="0" bev="0" fileid="1" />
              </SequencePoints>
              <BranchPoints />
              <MethodPoint vc="0" uspid="0" p8:type="SequencePoint" ordinal="9" offset="9" sc="0" sl="62" ec="1" el="63" bec="0" bev="0" fileid="1" xmlns:p8="xsi" />
            </Method>
            <Method cyclomaticComplexity="1" nPathComplexity="0" sequenceCoverage="100" branchCoverage="100" isConstructor="True" isGetter="False" isSetter="False" isStatic="True">
              <Summary numSequencePoints="5" visitedSequencePoints="5" numBranchPoints="0" visitedBranchPoints="0" sequenceCoverage="100" branchCoverage="100" maxCyclomaticComplexity="1" minCyclomaticComplexity="1" visitedClasses="0" numClasses="0" visitedMethods="1" numMethods="1" />
              <MetadataToken />
              <Name>System.Void Reloadly.Core.Internal.ReloadlyRequest::.ctor(System.Net.Http.HttpMethod,System.Uri)</Name>
              <FileRef uid="1" />
              <SequencePoints>
                <SequencePoint vc="2" uspid="19" ordinal="0" sl="19" sc="1" el="19" ec="2" bec="0" bev="0" fileid="1" />
                <SequencePoint vc="2" uspid="20" ordinal="1" sl="20" sc="1" el="20" ec="2" bec="0" bev="0" fileid="1" />
                <SequencePoint vc="2" uspid="21" ordinal="2" sl="21" sc="1" el="21" ec="2" bec="0" bev="0" fileid="1" />
                <SequencePoint vc="2" uspid="22" ordinal="3" sl="22" sc="1" el="22" ec="2" bec="0" bev="0" fileid="1" />
                <SequencePoint vc="2" uspid="23" ordinal="4" sl="23" sc="1" el="23" ec="2" bec="0" bev="0" fileid="1" />
              </SequencePoints>
              <BranchPoints />
              <MethodPoint vc="5" uspid="0" p8:type="SequencePoint" ordinal="10" offset="10" sc="0" sl="19" ec="1" el="23" bec="0" bev="0" fileid="1" xmlns:p8="xsi" />
            </Method>
          </Methods>
        </Class>
        <Class>
          <Summary numSequencePoints="17" visitedSequencePoints="5" numBranchPoints="0" visitedBranchPoints="0" sequenceCoverage="29.41" branchCoverage="100" maxCyclomaticComplexity="1" minCyclomaticComplexity="1" visitedClasses="1" numClasses="1" visitedMethods="1" numMethods="4" />
          <FullName>Reloadly.Core.Internal.ReloadlyRequest`1</FullName>
          <Methods>
            <Method cyclomaticComplexity="1" nPathComplexity="0" sequenceCoverage="0" branchCoverage="100" isConstructor="False" isGetter="False" isSetter="False" isStatic="True">
              <Summary numSequencePoints="4" visitedSequencePoints="0" numBranchPoints="0" visitedBranchPoints="0" sequenceCoverage="0" branchCoverage="100" maxCyclomaticComplexity="1" minCyclomaticComplexity="1" visitedClasses="0" numClasses="0" visitedMethods="0" numMethods="1" />
              <MetadataToken />
              <Name>Reloadly.Core.Internal.ReloadlyRequest`1&lt;TResponse&gt; Reloadly.Core.Internal.ReloadlyRequest`1::AddHeader(System.String,System.String)</Name>
              <FileRef uid="2" />
              <SequencePoints>
                <SequencePoint vc="0" uspid="17" ordinal="0" sl="17" sc="1" el="17" ec="2" bec="0" bev="0" fileid="2" />
                <SequencePoint vc="0" uspid="18" ordinal="1" sl="18" sc="1" el="18" ec="2" bec="0" bev="0" fileid="2" />
                <SequencePoint vc="0" uspid="19" ordinal="2" sl="19" sc="1" el="19" ec="2" bec="0" bev="0" fileid="2" />
                <SequencePoint vc="0" uspid="20" ordinal="3" sl="20" sc="1" el="20" ec="2" bec="0" bev="0" fileid="2" />
              </SequencePoints>
              <BranchPoints />
              <MethodPoint vc="0" uspid="0" p8:type="SequencePoint" ordinal="0" offset="0" sc="0" sl="17" ec="1" el="20" bec="0" bev="0" fileid="2" xmlns:p8="xsi" />
            </Method>
            <Method cyclomaticComplexity="1" nPathComplexity="0" sequenceCoverage="0" branchCoverage="100" isConstructor="False" isGetter="False" isSetter="False" isStatic="True">
              <Summary numSequencePoints="4" visitedSequencePoints="0" numBranchPoints="0" visitedBranchPoints="0" sequenceCoverage="0" branchCoverage="100" maxCyclomaticComplexity="1" minCyclomaticComplexity="1" visitedClasses="0" numClasses="0" visitedMethods="0" numMethods="1" />
              <MetadataToken />
              <Name>Reloadly.Core.Internal.ReloadlyRequest`1&lt;TResponse&gt; Reloadly.Core.Internal.ReloadlyRequest`1::AddParameter(System.String,System.String)</Name>
              <FileRef uid="2" />
              <SequencePoints>
                <SequencePoint vc="0" uspid="23" ordinal="0" sl="23" sc="1" el="23" ec="2" bec="0" bev="0" fileid="2" />
                <SequencePoint vc="0" uspid="24" ordinal="1" sl="24" sc="1" el="24" ec="2" bec="0" bev="0" fileid="2" />
                <SequencePoint vc="0" uspid="25" ordinal="2" sl="25" sc="1" el="25" ec="2" bec="0" bev="0" fileid="2" />
                <SequencePoint vc="0" uspid="26" ordinal="3" sl="26" sc="1" el="26" ec="2" bec="0" bev="0" fileid="2" />
              </SequencePoints>
              <BranchPoints />
              <MethodPoint vc="0" uspid="0" p8:type="SequencePoint" ordinal="1" offset="1" sc="0" sl="23" ec="1" el="26" bec="0" bev="0" fileid="2" xmlns:p8="xsi" />
            </Method>
            <Method cyclomaticComplexity="1" nPathComplexity="0" sequenceCoverage="0" branchCoverage="100" isConstructor="False" isGetter="False" isSetter="False" isStatic="True">
              <Summary numSequencePoints="4" visitedSequencePoints="0" numBranchPoints="0" visitedBranchPoints="0" sequenceCoverage="0" branchCoverage="100" maxCyclomaticComplexity="1" minCyclomaticComplexity="1" visitedClasses="0" numClasses="0" visitedMethods="0" numMethods="1" />
              <MetadataToken />
              <Name>Reloadly.Core.Internal.ReloadlyRequest`1&lt;TResponse&gt; Reloadly.Core.Internal.ReloadlyRequest`1::SetBody(System.Object)</Name>
              <FileRef uid="2" />
              <SequencePoints>
                <SequencePoint vc="0" uspid="29" ordinal="0" sl="29" sc="1" el="29" ec="2" bec="0" bev="0" fileid="2" />
                <SequencePoint vc="0" uspid="30" ordinal="1" sl="30" sc="1" el="30" ec="2" bec="0" bev="0" fileid="2" />
                <SequencePoint vc="0" uspid="31" ordinal="2" sl="31" sc="1" el="31" ec="2" bec="0" bev="0" fileid="2" />
                <SequencePoint vc="0" uspid="32" ordinal="3" sl="32" sc="1" el="32" ec="2" bec="0" bev="0" fileid="2" />
              </SequencePoints>
              <BranchPoints />
              <MethodPoint vc="0" uspid="0" p8:type="SequencePoint" ordinal="2" offset="2" sc="0" sl="29" ec="1" el="32" bec="0" bev="0" fileid="2" xmlns:p8="xsi" />
            </Method>
            <Method cyclomaticComplexity="1" nPathComplexity="0" sequenceCoverage="100" branchCoverage="100" isConstructor="True" isGetter="False" isSetter="False" isStatic="True">
              <Summary numSequencePoints="5" visitedSequencePoints="5" numBranchPoints="0" visitedBranchPoints="0" sequenceCoverage="100" branchCoverage="100" maxCyclomaticComplexity="1" minCyclomaticComplexity="1" visitedClasses="0" numClasses="0" visitedMethods="1" numMethods="1" />
              <MetadataToken />
              <Name>System.Void Reloadly.Core.Internal.ReloadlyRequest`1::.ctor(System.Net.Http.HttpMethod,System.Uri)</Name>
              <FileRef uid="2" />
              <SequencePoints>
                <SequencePoint vc="2" uspid="10" ordinal="0" sl="10" sc="1" el="10" ec="2" bec="0" bev="0" fileid="2" />
                <SequencePoint vc="2" uspid="11" ordinal="1" sl="11" sc="1" el="11" ec="2" bec="0" bev="0" fileid="2" />
                <SequencePoint vc="2" uspid="12" ordinal="2" sl="12" sc="1" el="12" ec="2" bec="0" bev="0" fileid="2" />
                <SequencePoint vc="2" uspid="13" ordinal="3" sl="13" sc="1" el="13" ec="2" bec="0" bev="0" fileid="2" />
                <SequencePoint vc="2" uspid="14" ordinal="4" sl="14" sc="1" el="14" ec="2" bec="0" bev="0" fileid="2" />
              </SequencePoints>
              <BranchPoints />
              <MethodPoint vc="5" uspid="0" p8:type="SequencePoint" ordinal="3" offset="3" sc="0" sl="10" ec="1" el="14" bec="0" bev="0" fileid="2" xmlns:p8="xsi" />
            </Method>
          </Methods>
        </Class>
        <Class>
          <Summary numSequencePoints="14" visitedSequencePoints="12" numBranchPoints="2" visitedBranchPoints="1" sequenceCoverage="85.71" branchCoverage="50" maxCyclomaticComplexity="2" minCyclomaticComplexity="1" visitedClasses="1" numClasses="1" visitedMethods="2" numMethods="2" />
          <FullName>Reloadly.Core.Internal.Utility.Base64</FullName>
          <Methods>
            <Method cyclomaticComplexity="1" nPathComplexity="0" sequenceCoverage="100" branchCoverage="100" isConstructor="False" isGetter="False" isSetter="False" isStatic="True">
              <Summary numSequencePoints="4" visitedSequencePoints="4" numBranchPoints="0" visitedBranchPoints="0" sequenceCoverage="100" branchCoverage="100" maxCyclomaticComplexity="1" minCyclomaticComplexity="1" visitedClasses="0" numClasses="0" visitedMethods="1" numMethods="1" />
              <MetadataToken />
              <Name>System.String Reloadly.Core.Internal.Utility.Base64::Encode(System.String)</Name>
              <FileRef uid="3" />
              <SequencePoints>
                <SequencePoint vc="1" uspid="10" ordinal="0" sl="10" sc="1" el="10" ec="2" bec="0" bev="0" fileid="3" />
                <SequencePoint vc="1" uspid="11" ordinal="1" sl="11" sc="1" el="11" ec="2" bec="0" bev="0" fileid="3" />
                <SequencePoint vc="1" uspid="12" ordinal="2" sl="12" sc="1" el="12" ec="2" bec="0" bev="0" fileid="3" />
                <SequencePoint vc="1" uspid="13" ordinal="3" sl="13" sc="1" el="13" ec="2" bec="0" bev="0" fileid="3" />
              </SequencePoints>
              <BranchPoints />
              <MethodPoint vc="4" uspid="0" p8:type="SequencePoint" ordinal="0" offset="0" sc="0" sl="10" ec="1" el="13" bec="0" bev="0" fileid="3" xmlns:p8="xsi" />
            </Method>
            <Method cyclomaticComplexity="2" nPathComplexity="0" sequenceCoverage="80" branchCoverage="50" isConstructor="False" isGetter="False" isSetter="False" isStatic="True">
              <Summary numSequencePoints="10" visitedSequencePoints="8" numBranchPoints="2" visitedBranchPoints="1" sequenceCoverage="80" branchCoverage="50" maxCyclomaticComplexity="2" minCyclomaticComplexity="2" visitedClasses="0" numClasses="0" visitedMethods="1" numMethods="1" />
              <MetadataToken />
              <Name>System.Boolean Reloadly.Core.Internal.Utility.Base64::TryDecode(System.String,System.String&amp;)</Name>
              <FileRef uid="3" />
              <SequencePoints>
                <SequencePoint vc="1" uspid="16" ordinal="0" sl="16" sc="1" el="16" ec="2" bec="0" bev="0" fileid="3" />
                <SequencePoint vc="1" uspid="17" ordinal="1" sl="17" sc="1" el="17" ec="2" bec="0" bev="0" fileid="3" />
                <SequencePoint vc="1" uspid="19" ordinal="2" sl="19" sc="1" el="19" ec="2" bec="2" bev="1" fileid="3" />
                <SequencePoint vc="1" uspid="20" ordinal="3" sl="20" sc="1" el="20" ec="2" bec="0" bev="0" fileid="3" />
                <SequencePoint vc="1" uspid="21" ordinal="4" sl="21" sc="1" el="21" ec="2" bec="0" bev="0" fileid="3" />
                <SequencePoint vc="1" uspid="22" ordinal="5" sl="22" sc="1" el="22" ec="2" bec="0" bev="0" fileid="3" />
                <SequencePoint vc="1" uspid="23" ordinal="6" sl="23" sc="1" el="23" ec="2" bec="0" bev="0" fileid="3" />
                <SequencePoint vc="0" uspid="26" ordinal="7" sl="26" sc="1" el="26" ec="2" bec="0" bev="0" fileid="3" />
                <SequencePoint vc="0" uspid="27" ordinal="8" sl="27" sc="1" el="27" ec="2" bec="0" bev="0" fileid="3" />
                <SequencePoint vc="1" uspid="28" ordinal="9" sl="28" sc="1" el="28" ec="2" bec="0" bev="0" fileid="3" />
              </SequencePoints>
              <BranchPoints>
                <BranchPoint vc="1" uspid="19" ordinal="0" path="0" offset="30" offsetend="32" sl="19" fileid="3" />
                <BranchPoint vc="0" uspid="19" ordinal="1" path="1" offset="30" offsetend="66" sl="19" fileid="3" />
              </BranchPoints>
              <MethodPoint vc="8" uspid="0" p8:type="SequencePoint" ordinal="1" offset="1" sc="0" sl="16" ec="1" el="28" bec="0" bev="0" fileid="3" xmlns:p8="xsi" />
            </Method>
          </Methods>
        </Class>
        <Class>
          <Summary numSequencePoints="14" visitedSequencePoints="14" numBranchPoints="6" visitedBranchPoints="6" sequenceCoverage="100" branchCoverage="100" maxCyclomaticComplexity="6" minCyclomaticComplexity="1" visitedClasses="1" numClasses="1" visitedMethods="2" numMethods="2" />
          <FullName>Reloadly.Core.Internal.Utility.TelemetryUtility</FullName>
          <Methods>
            <Method cyclomaticComplexity="1" nPathComplexity="0" sequenceCoverage="100" branchCoverage="100" isConstructor="False" isGetter="False" isSetter="False" isStatic="True">
              <Summary numSequencePoints="4" visitedSequencePoints="4" numBranchPoints="0" visitedBranchPoints="0" sequenceCoverage="100" branchCoverage="100" maxCyclomaticComplexity="1" minCyclomaticComplexity="1" visitedClasses="0" numClasses="0" visitedMethods="1" numMethods="1" />
              <MetadataToken />
              <Name>Reloadly.Core.Internal.Net.Telemetry Reloadly.Core.Internal.Utility.TelemetryUtility::Create(System.String)</Name>
              <FileRef uid="4" />
              <SequencePoints>
                <SequencePoint vc="1" uspid="15" ordinal="0" sl="15" sc="1" el="15" ec="2" bec="0" bev="0" fileid="4" />
                <SequencePoint vc="1" uspid="16" ordinal="1" sl="16" sc="1" el="16" ec="2" bec="0" bev="0" fileid="4" />
                <SequencePoint vc="1" uspid="17" ordinal="2" sl="17" sc="1" el="17" ec="2" bec="0" bev="0" fileid="4" />
                <SequencePoint vc="1" uspid="18" ordinal="3" sl="18" sc="1" el="18" ec="2" bec="0" bev="0" fileid="4" />
              </SequencePoints>
              <BranchPoints />
              <MethodPoint vc="4" uspid="0" p8:type="SequencePoint" ordinal="0" offset="0" sc="0" sl="15" ec="1" el="18" bec="0" bev="0" fileid="4" xmlns:p8="xsi" />
            </Method>
            <Method cyclomaticComplexity="6" nPathComplexity="0" sequenceCoverage="100" branchCoverage="100" isConstructor="False" isGetter="False" isSetter="False" isStatic="True">
              <Summary numSequencePoints="10" visitedSequencePoints="10" numBranchPoints="6" visitedBranchPoints="6" sequenceCoverage="100" branchCoverage="100" maxCyclomaticComplexity="6" minCyclomaticComplexity="6" visitedClasses="0" numClasses="0" visitedMethods="1" numMethods="1" />
              <MetadataToken />
              <Name>System.String Reloadly.Core.Internal.Utility.TelemetryUtility::HttpHeaderValue(Reloadly.Core.Internal.Net.Telemetry)</Name>
              <FileRef uid="4" />
              <SequencePoints>
                <SequencePoint vc="1" uspid="21" ordinal="0" sl="21" sc="1" el="21" ec="2" bec="0" bev="0" fileid="4" />
                <SequencePoint vc="1" uspid="22" ordinal="1" sl="22" sc="1" el="22" ec="2" bec="0" bev="0" fileid="4" />
                <SequencePoint vc="2" uspid="24" ordinal="2" sl="24" sc="1" el="24" ec="2" bec="2" bev="2" fileid="4" />
                <SequencePoint vc="2" uspid="25" ordinal="3" sl="25" sc="1" el="25" ec="2" bec="2" bev="2" fileid="4" />
                <SequencePoint vc="1" uspid="27" ordinal="4" sl="27" sc="1" el="27" ec="2" bec="0" bev="0" fileid="4" />
                <SequencePoint vc="2" uspid="28" ordinal="5" sl="28" sc="1" el="28" ec="2" bec="2" bev="2" fileid="4" />
                <SequencePoint vc="1" uspid="29" ordinal="6" sl="29" sc="1" el="29" ec="2" bec="0" bev="0" fileid="4" />
                <SequencePoint vc="1" uspid="31" ordinal="7" sl="31" sc="1" el="31" ec="2" bec="0" bev="0" fileid="4" />
                <SequencePoint vc="1" uspid="32" ordinal="8" sl="32" sc="1" el="32" ec="2" bec="0" bev="0" fileid="4" />
                <SequencePoint vc="1" uspid="33" ordinal="9" sl="33" sc="1" el="33" ec="2" bec="0" bev="0" fileid="4" />
              </SequencePoints>
              <BranchPoints>
                <BranchPoint vc="1" uspid="24" ordinal="0" path="0" offset="23" offsetend="25" sl="24" fileid="4" />
                <BranchPoint vc="1" uspid="24" ordinal="1" path="1" offset="23" offsetend="43" sl="24" fileid="4" />
                <BranchPoint vc="1" uspid="25" ordinal="2" path="0" offset="61" offsetend="63" sl="25" fileid="4" />
                <BranchPoint vc="1" uspid="25" ordinal="3" path="1" offset="61" offsetend="81" sl="25" fileid="4" />
                <BranchPoint vc="1" uspid="28" ordinal="4" path="0" offset="105" offsetend="107" sl="28" fileid="4" />
                <BranchPoint vc="1" uspid="28" ordinal="5" path="1" offset="105" offsetend="125" sl="28" fileid="4" />
              </BranchPoints>
              <MethodPoint vc="10" uspid="0" p8:type="SequencePoint" ordinal="1" offset="1" sc="0" sl="21" ec="1" el="33" bec="0" bev="0" fileid="4" xmlns:p8="xsi" />
            </Method>
          </Methods>
        </Class>
        <Class>
          <Summary numSequencePoints="17" visitedSequencePoints="8" numBranchPoints="2" visitedBranchPoints="0" sequenceCoverage="47.05" branchCoverage="0" maxCyclomaticComplexity="2" minCyclomaticComplexity="1" visitedClasses="1" numClasses="1" visitedMethods="1" numMethods="3" />
          <FullName>Reloadly.Core.Internal.Net.ReloadlyHttpClient</FullName>
          <Methods>
            <Method cyclomaticComplexity="2" nPathComplexity="0" sequenceCoverage="0" branchCoverage="0" isConstructor="False" isGetter="False" isSetter="False" isStatic="True">
              <Summary numSequencePoints="4" visitedSequencePoints="0" numBranchPoints="2" visitedBranchPoints="0" sequenceCoverage="0" branchCoverage="0" maxCyclomaticComplexity="2" minCyclomaticComplexity="2" visitedClasses="0" numClasses="0" visitedMethods="0" numMethods="1" />
              <MetadataToken />
              <Name>Reloadly.Core.Internal.Net.ReloadlyHttpClient Reloadly.Core.Internal.Net.ReloadlyHttpClient::Clone(System.Boolean)</Name>
              <FileRef uid="5" />
              <SequencePoints>
                <SequencePoint vc="0" uspid="31" ordinal="0" sl="31" sc="1" el="31" ec="2" bec="0" bev="0" fileid="5" />
                <SequencePoint vc="0" uspid="32" ordinal="1" sl="32" sc="1" el="32" ec="2" bec="2" bev="0" fileid="5" />
                <SequencePoint vc="0" uspid="33" ordinal="2" sl="33" sc="1" el="33" ec="2" bec="0" bev="0" fileid="5" />
                <SequencePoint vc="0" uspid="34" ordinal="3" sl="34" sc="1" el="34" ec="2" bec="0" bev="0" fileid="5" />
              </SequencePoints>
              <BranchPoints>
                <BranchPoint vc="0" uspid="32" ordinal="0" path="0" offset="2" offsetend="4" sl="32" fileid="5" />
                <BranchPoint vc="0" uspid="32" ordinal="1" path="1" offset="2" offsetend="7" sl="32" fileid="5" />
              </BranchPoints>
              <MethodPoint vc="0" uspid="0" p8:type="SequencePoint" ordinal="0" offset="0" sc="0" sl="31" ec="1" el="34" bec="0" bev="0" fileid="5" xmlns:p8="xsi" />
            </Method>
            <Method cyclomaticComplexity="1" nPathComplexity="0" sequenceCoverage="0" branchCoverage="100" isConstructor="False" isGetter="False" isSetter="False" isStatic="True">
              <Summary numSequencePoints="5" visitedSequencePoints="0" numBranchPoints="0" visitedBranchPoints="0" sequenceCoverage="0" branchCoverage="100" maxCyclomaticComplexity="1" minCyclomaticComplexity="1" visitedClasses="0" numClasses="0" visitedMethods="0" numMethods="1" />
              <MetadataToken />
              <Name>System.DateTime Reloadly.Core.Internal.Net.ReloadlyHttpClient::UnixTimeStampToDateTime(System.Double)</Name>
              <FileRef uid="5" />
              <SequencePoints>
                <SequencePoint vc="0" uspid="129" ordinal="0" sl="129" sc="1" el="129" ec="2" bec="0" bev="0" fileid="5" />
                <SequencePoint vc="0" uspid="130" ordinal="1" sl="130" sc="1" el="130" ec="2" bec="0" bev="0" fileid="5" />
                <SequencePoint vc="0" uspid="131" ordinal="2" sl="131" sc="1" el="131" ec="2" bec="0" bev="0" fileid="5" />
                <SequencePoint vc="0" uspid="132" ordinal="3" sl="132" sc="1" el="132" ec="2" bec="0" bev="0" fileid="5" />
                <SequencePoint vc="0" uspid="133" ordinal="4" sl="133" sc="1" el="133" ec="2" bec="0" bev="0" fileid="5" />
              </SequencePoints>
              <BranchPoints />
              <MethodPoint vc="0" uspid="0" p8:type="SequencePoint" ordinal="1" offset="1" sc="0" sl="129" ec="1" el="133" bec="0" bev="0" fileid="5" xmlns:p8="xsi" />
            </Method>
            <Method cyclomaticComplexity="1" nPathComplexity="0" sequenceCoverage="100" branchCoverage="100" isConstructor="True" isGetter="False" isSetter="False" isStatic="True">
              <Summary numSequencePoints="8" visitedSequencePoints="8" numBranchPoints="0" visitedBranchPoints="0" sequenceCoverage="100" branchCoverage="100" maxCyclomaticComplexity="1" minCyclomaticComplexity="1" visitedClasses="0" numClasses="0" visitedMethods="1" numMethods="1" />
              <MetadataToken />
              <Name>System.Void Reloadly.Core.Internal.Net.ReloadlyHttpClient::.ctor(System.Net.Http.IHttpClientFactory,System.String,System.Boolean)</Name>
              <FileRef uid="5" />
              <SequencePoints>
                <SequencePoint vc="2" uspid="21" ordinal="0" sl="21" sc="1" el="21" ec="2" bec="0" bev="0" fileid="5" />
                <SequencePoint vc="2" uspid="22" ordinal="1" sl="22" sc="1" el="22" ec="2" bec="0" bev="0" fileid="5" />
                <SequencePoint vc="2" uspid="23" ordinal="2" sl="23" sc="1" el="23" ec="2" bec="0" bev="0" fileid="5" />
                <SequencePoint vc="2" uspid="24" ordinal="3" sl="24" sc="1" el="24" ec="2" bec="0" bev="0" fileid="5" />
                <SequencePoint vc="2" uspid="25" ordinal="4" sl="25" sc="1" el="25" ec="2" bec="0" bev="0" fileid="5" />
                <SequencePoint vc="2" uspid="26" ordinal="5" sl="26" sc="1" el="26" ec="2" bec="0" bev="0" fileid="5" />
                <SequencePoint vc="2" uspid="27" ordinal="6" sl="27" sc="1" el="27" ec="2" bec="0" bev="0" fileid="5" />
                <SequencePoint vc="2" uspid="28" ordinal="7" sl="28" sc="1" el="28" ec="2" bec="0" bev="0" fileid="5" />
              </SequencePoints>
              <BranchPoints />
              <MethodPoint vc="8" uspid="0" p8:type="SequencePoint" ordinal="2" offset="2" sc="0" sl="21" ec="1" el="28" bec="0" bev="0" fileid="5" xmlns:p8="xsi" />
            </Method>
          </Methods>
        </Class>
        <Class>
          <Summary numSequencePoints="11" visitedSequencePoints="11" numBranchPoints="2" visitedBranchPoints="2" sequenceCoverage="100" branchCoverage="100" maxCyclomaticComplexity="2" minCyclomaticComplexity="2" visitedClasses="1" numClasses="1" visitedMethods="1" numMethods="1" />
          <FullName>Reloadly.Core.Internal.Net.ReloadlyHttpClient/&lt;SendAsync&gt;d__7`1</FullName>
          <Methods>
            <Method cyclomaticComplexity="2" nPathComplexity="0" sequenceCoverage="100" branchCoverage="100" isConstructor="False" isGetter="False" isSetter="False" isStatic="True">
              <Summary numSequencePoints="11" visitedSequencePoints="11" numBranchPoints="2" visitedBranchPoints="2" sequenceCoverage="100" branchCoverage="100" maxCyclomaticComplexity="2" minCyclomaticComplexity="2" visitedClasses="0" numClasses="0" visitedMethods="1" numMethods="1" />
              <MetadataToken />
              <Name>System.Void Reloadly.Core.Internal.Net.ReloadlyHttpClient/&lt;SendAsync&gt;d__7`1::MoveNext()</Name>
              <FileRef uid="5" />
              <SequencePoints>
                <SequencePoint vc="2" uspid="38" ordinal="0" sl="38" sc="1" el="38" ec="2" bec="0" bev="0" fileid="5" />
                <SequencePoint vc="2" uspid="39" ordinal="1" sl="39" sc="1" el="39" ec="2" bec="0" bev="0" fileid="5" />
                <SequencePoint vc="2" uspid="41" ordinal="2" sl="41" sc="1" el="41" ec="2" bec="2" bev="2" fileid="5" />
                <SequencePoint vc="1" uspid="42" ordinal="3" sl="42" sc="1" el="42" ec="2" bec="0" bev="0" fileid="5" />
                <SequencePoint vc="1" uspid="43" ordinal="4" sl="43" sc="1" el="43" ec="2" bec="0" bev="0" fileid="5" />
                <SequencePoint vc="1" uspid="44" ordinal="5" sl="44" sc="1" el="44" ec="2" bec="0" bev="0" fileid="5" />
                <SequencePoint vc="1" uspid="45" ordinal="6" sl="45" sc="1" el="45" ec="2" bec="0" bev="0" fileid="5" />
                <SequencePoint vc="2" uspid="47" ordinal="7" sl="47" sc="1" el="47" ec="2" bec="0" bev="0" fileid="5" />
                <SequencePoint vc="2" uspid="48" ordinal="8" sl="48" sc="1" el="48" ec="2" bec="0" bev="0" fileid="5" />
                <SequencePoint vc="2" uspid="49" ordinal="9" sl="49" sc="1" el="49" ec="2" bec="0" bev="0" fileid="5" />
                <SequencePoint vc="2" uspid="50" ordinal="10" sl="50" sc="1" el="50" ec="2" bec="0" bev="0" fileid="5" />
              </SequencePoints>
              <BranchPoints>
                <BranchPoint vc="1" uspid="41" ordinal="0" path="0" offset="62" offsetend="64" sl="41" fileid="5" />
                <BranchPoint vc="2" uspid="41" ordinal="1" path="1" offset="62" offsetend="128" sl="41" fileid="5" />
              </BranchPoints>
              <MethodPoint vc="11" uspid="0" p8:type="SequencePoint" ordinal="0" offset="0" sc="0" sl="38" ec="1" el="50" bec="0" bev="0" fileid="5" xmlns:p8="xsi" />
            </Method>
          </Methods>
        </Class>
        <Class>
          <Summary numSequencePoints="12" visitedSequencePoints="6" numBranchPoints="2" visitedBranchPoints="1" sequenceCoverage="50" branchCoverage="50" maxCyclomaticComplexity="2" minCyclomaticComplexity="2" visitedClasses="1" numClasses="1" visitedMethods="1" numMethods="1" />
          <FullName>Reloadly.Core.Internal.Net.ReloadlyHttpClient/&lt;ParseResponse&gt;d__8`1</FullName>
          <Methods>
            <Method cyclomaticComplexity="2" nPathComplexity="0" sequenceCoverage="50" branchCoverage="50" isConstructor="False" isGetter="False" isSetter="False" isStatic="True">
              <Summary numSequencePoints="12" visitedSequencePoints="6" numBranchPoints="2" visitedBranchPoints="1" sequenceCoverage="50" branchCoverage="50" maxCyclomaticComplexity="2" minCyclomaticComplexity="2" visitedClasses="0" numClasses="0" visitedMethods="1" numMethods="1" />
              <MetadataToken />
              <Name>System.Void Reloadly.Core.Internal.Net.ReloadlyHttpClient/&lt;ParseResponse&gt;d__8`1::MoveNext()</Name>
              <FileRef uid="5" />
              <SequencePoints>
                <SequencePoint vc="2" uspid="54" ordinal="0" sl="54" sc="1" el="54" ec="2" bec="0" bev="0" fileid="5" />
                <SequencePoint vc="2" uspid="55" ordinal="1" sl="55" sc="1" el="55" ec="2" bec="2" bev="1" fileid="5" />
                <SequencePoint vc="0" uspid="56" ordinal="2" sl="56" sc="1" el="56" ec="2" bec="0" bev="0" fileid="5" />
                <SequencePoint vc="0" uspid="57" ordinal="3" sl="57" sc="1" el="57" ec="2" bec="0" bev="0" fileid="5" />
                <SequencePoint vc="2" uspid="60" ordinal="4" sl="60" sc="1" el="60" ec="2" bec="0" bev="0" fileid="5" />
                <SequencePoint vc="2" uspid="63" ordinal="5" sl="63" sc="1" el="63" ec="2" bec="0" bev="0" fileid="5" />
                <SequencePoint vc="2" uspid="64" ordinal="6" sl="64" sc="1" el="64" ec="2" bec="0" bev="0" fileid="5" />
                <SequencePoint vc="0" uspid="66" ordinal="7" sl="66" sc="1" el="66" ec="2" bec="0" bev="0" fileid="5" />
                <SequencePoint vc="0" uspid="67" ordinal="8" sl="67" sc="1" el="67" ec="2" bec="0" bev="0" fileid="5" />
                <SequencePoint vc="0" uspid="68" ordinal="9" sl="68" sc="1" el="68" ec="2" bec="0" bev="0" fileid="5" />
                <SequencePoint vc="0" uspid="69" ordinal="10" sl="69" sc="1" el="69" ec="2" bec="0" bev="0" fileid="5" />
                <SequencePoint vc="2" uspid="71" ordinal="11" sl="71" sc="1" el="71" ec="2" bec="0" bev="0" fileid="5" />
              </SequencePoints>
              <BranchPoints>
                <BranchPoint vc="0" uspid="55" ordinal="0" path="0" offset="42" offsetend="44" sl="55" fileid="5" />
                <BranchPoint vc="2" uspid="55" ordinal="1" path="1" offset="42" offsetend="171" sl="55" fileid="5" />
              </BranchPoints>
              <MethodPoint vc="6" uspid="0" p8:type="SequencePoint" ordinal="0" offset="0" sc="0" sl="54" ec="1" el="71" bec="0" bev="0" fileid="5" xmlns:p8="xsi" />
            </Method>
          </Methods>
        </Class>
        <Class>
          <Summary numSequencePoints="18" visitedSequencePoints="0" numBranchPoints="8" visitedBranchPoints="0" sequenceCoverage="0" branchCoverage="0" maxCyclomaticComplexity="8" minCyclomaticComplexity="8" visitedClasses="0" numClasses="1" visitedMethods="0" numMethods="1" />
          <FullName>Reloadly.Core.Internal.Net.ReloadlyHttpClient/&lt;CreateResponseException&gt;d__9`1</FullName>
          <Methods>
            <Method cyclomaticComplexity="8" nPathComplexity="0" sequenceCoverage="0" branchCoverage="0" isConstructor="False" isGetter="False" isSetter="False" isStatic="True">
              <Summary numSequencePoints="18" visitedSequencePoints="0" numBranchPoints="8" visitedBranchPoints="0" sequenceCoverage="0" branchCoverage="0" maxCyclomaticComplexity="8" minCyclomaticComplexity="8" visitedClasses="0" numClasses="0" visitedMethods="0" numMethods="1" />
              <MetadataToken />
              <Name>System.Void Reloadly.Core.Internal.Net.ReloadlyHttpClient/&lt;CreateResponseException&gt;d__9`1::MoveNext()</Name>
              <FileRef uid="5" />
              <SequencePoints>
                <SequencePoint vc="0" uspid="76" ordinal="0" sl="76" sc="1" el="76" ec="2" bec="0" bev="0" fileid="5" />
                <SequencePoint vc="0" uspid="77" ordinal="1" sl="77" sc="1" el="77" ec="2" bec="2" bev="0" fileid="5" />
                <SequencePoint vc="0" uspid="78" ordinal="2" sl="78" sc="1" el="78" ec="2" bec="0" bev="0" fileid="5" />
                <SequencePoint vc="0" uspid="79" ordinal="3" sl="79" sc="1" el="79" ec="2" bec="0" bev="0" fileid="5" />
                <SequencePoint vc="0" uspid="82" ordinal="4" sl="82" sc="1" el="82" ec="2" bec="2" bev="0" fileid="5" />
                <SequencePoint vc="0" uspid="83" ordinal="5" sl="83" sc="1" el="83" ec="2" bec="0" bev="0" fileid="5" />
                <SequencePoint vc="0" uspid="84" ordinal="6" sl="84" sc="1" el="84" ec="2" bec="0" bev="0" fileid="5" />
                <SequencePoint vc="0" uspid="86" ordinal="7" sl="86" sc="1" el="86" ec="2" bec="2" bev="0" fileid="5" />
                <SequencePoint vc="0" uspid="87" ordinal="8" sl="87" sc="1" el="87" ec="2" bec="0" bev="0" fileid="5" />
                <SequencePoint vc="0" uspid="88" ordinal="9" sl="88" sc="1" el="88" ec="2" bec="0" bev="0" fileid="5" />
                <SequencePoint vc="0" uspid="89" ordinal="10" sl="89" sc="1" el="89" ec="2" bec="0" bev="0" fileid="5" />
                <SequencePoint vc="0" uspid="90" ordinal="11" sl="90" sc="1" el="90" ec="2" bec="0" bev="0" fileid="5" />
                <SequencePoint vc="0" uspid="93" ordinal="12" sl="93" sc="1" el="93" ec="2" bec="2" bev="0" fileid="5" />
                <SequencePoint vc="0" uspid="94" ordinal="13" sl="94" sc="1" el="94" ec="2" bec="0" bev="0" fileid="5" />
                <SequencePoint vc="0" uspid="95" ordinal="14" sl="95" sc="1" el="95" ec="2" bec="0" bev="0" fileid="5" />
                <SequencePoint vc="0" uspid="96" ordinal="15" sl="96" sc="1" el="96" ec="2" bec="0" bev="0" fileid="5" />
                <SequencePoint vc="0" uspid="99" ordinal="16" sl="99" sc="1" el="99" ec="2" bec="0" bev="0" fileid="5" />
                <SequencePoint vc="0" uspid="100" ordinal="17" sl="100" sc="1" el="100" ec="2" bec="0" bev="0" fileid="5" />
              </SequencePoints>
              <BranchPoints>
                <BranchPoint vc="0" uspid="77" ordinal="0" path="0" offset="46" offsetend="51" sl="77" fileid="5" />
                <BranchPoint vc="0" uspid="77" ordinal="1" path="1" offset="46" offsetend="183" sl="77" fileid="5" />
                <BranchPoint vc="0" uspid="82" ordinal="2" path="0" offset="194" offsetend="199" sl="82" fileid="5" />
                <BranchPoint vc="0" uspid="82" ordinal="3" path="1" offset="194" offsetend="335" sl="82" fileid="5" />
                <BranchPoint vc="0" uspid="86" ordinal="4" path="0" offset="376" offsetend="378" sl="86" fileid="5" />
                <BranchPoint vc="0" uspid="86" ordinal="5" path="1" offset="376" offsetend="422" sl="86" fileid="5" />
                <BranchPoint vc="0" uspid="93" ordinal="6" path="0" offset="464" offsetend="466" sl="93" fileid="5" />
                <BranchPoint vc="0" uspid="93" ordinal="7" path="1" offset="464" offsetend="517" sl="93" fileid="5" />
              </BranchPoints>
              <MethodPoint vc="0" uspid="0" p8:type="SequencePoint" ordinal="0" offset="0" sc="0" sl="76" ec="1" el="100" bec="0" bev="0" fileid="5" xmlns:p8="xsi" />
            </Method>
          </Methods>
        </Class>
        <Class>
          <Summary numSequencePoints="16" visitedSequencePoints="0" numBranchPoints="10" visitedBranchPoints="0" sequenceCoverage="0" branchCoverage="0" maxCyclomaticComplexity="10" minCyclomaticComplexity="10" visitedClasses="0" numClasses="1" visitedMethods="0" numMethods="1" />
          <FullName>Reloadly.Core.Internal.Net.ReloadlyHttpClient/&lt;CreateRateLimitException&gt;d__10`1</FullName>
          <Methods>
            <Method cyclomaticComplexity="10" nPathComplexity="0" sequenceCoverage="0" branchCoverage="0" isConstructor="False" isGetter="False" isSetter="False" isStatic="True">
              <Summary numSequencePoints="16" visitedSequencePoints="0" numBranchPoints="10" visitedBranchPoints="0" sequenceCoverage="0" branchCoverage="0" maxCyclomaticComplexity="10" minCyclomaticComplexity="10" visitedClasses="0" numClasses="0" visitedMethods="0" numMethods="1" />
              <MetadataToken />
              <Name>System.Void Reloadly.Core.Internal.Net.ReloadlyHttpClient/&lt;CreateRateLimitException&gt;d__10`1::MoveNext()</Name>
              <FileRef uid="5" />
              <SequencePoints>
                <SequencePoint vc="0" uspid="105" ordinal="0" sl="105" sc="1" el="105" ec="2" bec="0" bev="0" fileid="5" />
                <SequencePoint vc="0" uspid="106" ordinal="1" sl="106" sc="1" el="106" ec="2" bec="0" bev="0" fileid="5" />
                <SequencePoint vc="0" uspid="108" ordinal="2" sl="108" sc="1" el="108" ec="2" bec="2" bev="0" fileid="5" />
                <SequencePoint vc="0" uspid="109" ordinal="3" sl="109" sc="1" el="109" ec="2" bec="0" bev="0" fileid="5" />
                <SequencePoint vc="0" uspid="110" ordinal="4" sl="110" sc="1" el="110" ec="2" bec="0" bev="0" fileid="5" />
                <SequencePoint vc="0" uspid="113" ordinal="5" sl="113" sc="1" el="113" ec="2" bec="0" bev="0" fileid="5" />
                <SequencePoint vc="0" uspid="114" ordinal="6" sl="114" sc="1" el="114" ec="2" bec="0" bev="0" fileid="5" />
                <SequencePoint vc="0" uspid="115" ordinal="7" sl="115" sc="1" el="115" ec="2" bec="0" bev="0" fileid="5" />
                <SequencePoint vc="0" uspid="117" ordinal="8" sl="117" sc="1" el="117" ec="2" bec="2" bev="0" fileid="5" />
                <SequencePoint vc="0" uspid="118" ordinal="9" sl="118" sc="1" el="118" ec="2" bec="2" bev="0" fileid="5" />
                <SequencePoint vc="0" uspid="119" ordinal="10" sl="119" sc="1" el="119" ec="2" bec="2" bev="0" fileid="5" />
                <SequencePoint vc="0" uspid="121" ordinal="11" sl="121" sc="1" el="121" ec="2" bec="0" bev="0" fileid="5" />
                <SequencePoint vc="0" uspid="122" ordinal="12" sl="122" sc="1" el="122" ec="2" bec="0" bev="0" fileid="5" />
                <SequencePoint vc="0" uspid="123" ordinal="13" sl="123" sc="1" el="123" ec="2" bec="2" bev="0" fileid="5" />
                <SequencePoint vc="0" uspid="125" ordinal="14" sl="125" sc="1" el="125" ec="2" bec="0" bev="0" fileid="5" />
                <SequencePoint vc="0" uspid="126" ordinal="15" sl="126" sc="1" el="126" ec="2" bec="0" bev="0" fileid="5" />
              </SequencePoints>
              <BranchPoints>
                <BranchPoint vc="0" uspid="108" ordinal="0" path="0" offset="185" offsetend="187" sl="108" fileid="5" />
                <BranchPoint vc="0" uspid="108" ordinal="1" path="1" offset="185" offsetend="200" sl="108" fileid="5" />
                <BranchPoint vc="0" uspid="117" ordinal="2" path="0" offset="314" offsetend="316" sl="117" fileid="5" />
                <BranchPoint vc="0" uspid="117" ordinal="3" path="1" offset="314" offsetend="328" sl="117" fileid="5" />
                <BranchPoint vc="0" uspid="118" ordinal="4" path="0" offset="362" offsetend="364" sl="118" fileid="5" />
                <BranchPoint vc="0" uspid="118" ordinal="5" path="1" offset="362" offsetend="376" sl="118" fileid="5" />
                <BranchPoint vc="0" uspid="119" ordinal="6" path="0" offset="410" offsetend="412" sl="119" fileid="5" />
                <BranchPoint vc="0" uspid="119" ordinal="7" path="1" offset="410" offsetend="424" sl="119" fileid="5" />
                <BranchPoint vc="0" uspid="123" ordinal="8" path="0" offset="493" offsetend="495" sl="123" fileid="5" />
                <BranchPoint vc="0" uspid="123" ordinal="9" path="1" offset="493" offsetend="507" sl="123" fileid="5" />
              </BranchPoints>
              <MethodPoint vc="0" uspid="0" p8:type="SequencePoint" ordinal="0" offset="0" sc="0" sl="105" ec="1" el="126" bec="0" bev="0" fileid="5" xmlns:p8="xsi" />
            </Method>
          </Methods>
        </Class>
        <Class>
          <Summary numSequencePoints="30" visitedSequencePoints="0" numBranchPoints="6" visitedBranchPoints="0" sequenceCoverage="0" branchCoverage="0" maxCyclomaticComplexity="4" minCyclomaticComplexity="1" visitedClasses="0" numClasses="1" visitedMethods="0" numMethods="7" />
          <FullName>Reloadly.Core.Internal.Net.ServiceApi</FullName>
          <Methods>
            <Method cyclomaticComplexity="1" nPathComplexity="0" sequenceCoverage="0" branchCoverage="100" isConstructor="False" isGetter="True" isSetter="False" isStatic="True">
              <Summary numSequencePoints="1" visitedSequencePoints="0" numBranchPoints="0" visitedBranchPoints="0" sequenceCoverage="0" branchCoverage="100" maxCyclomaticComplexity="1" minCyclomaticComplexity="1" visitedClasses="0" numClasses="0" visitedMethods="0" numMethods="1" />
              <MetadataToken />
              <Name>System.String Reloadly.Core.Internal.Net.ServiceApi::get_ClientId()</Name>
              <FileRef uid="6" />
              <SequencePoints>
                <SequencePoint vc="0" uspid="8" ordinal="0" sl="8" sc="1" el="8" ec="2" bec="0" bev="0" fileid="6" />
              </SequencePoints>
              <BranchPoints />
              <MethodPoint vc="0" uspid="0" p8:type="SequencePoint" ordinal="0" offset="0" sc="0" sl="8" ec="1" el="8" bec="0" bev="0" fileid="6" xmlns:p8="xsi" />
            </Method>
            <Method cyclomaticComplexity="1" nPathComplexity="0" sequenceCoverage="0" branchCoverage="100" isConstructor="False" isGetter="True" isSetter="False" isStatic="True">
              <Summary numSequencePoints="1" visitedSequencePoints="0" numBranchPoints="0" visitedBranchPoints="0" sequenceCoverage="0" branchCoverage="100" maxCyclomaticComplexity="1" minCyclomaticComplexity="1" visitedClasses="0" numClasses="0" visitedMethods="0" numMethods="1" />
              <MetadataToken />
              <Name>System.String Reloadly.Core.Internal.Net.ServiceApi::get_ClientSecret()</Name>
              <FileRef uid="6" />
              <SequencePoints>
                <SequencePoint vc="0" uspid="9" ordinal="0" sl="9" sc="1" el="9" ec="2" bec="0" bev="0" fileid="6" />
              </SequencePoints>
              <BranchPoints />
              <MethodPoint vc="0" uspid="0" p8:type="SequencePoint" ordinal="1" offset="1" sc="0" sl="9" ec="1" el="9" bec="0" bev="0" fileid="6" xmlns:p8="xsi" />
            </Method>
            <Method cyclomaticComplexity="1" nPathComplexity="0" sequenceCoverage="0" branchCoverage="100" isConstructor="False" isGetter="True" isSetter="False" isStatic="True">
              <Summary numSequencePoints="1" visitedSequencePoints="0" numBranchPoints="0" visitedBranchPoints="0" sequenceCoverage="0" branchCoverage="100" maxCyclomaticComplexity="1" minCyclomaticComplexity="1" visitedClasses="0" numClasses="0" visitedMethods="0" numMethods="1" />
              <MetadataToken />
              <Name>System.String Reloadly.Core.Internal.Net.ServiceApi::get_AccessToken()</Name>
              <FileRef uid="6" />
              <SequencePoints>
                <SequencePoint vc="0" uspid="10" ordinal="0" sl="10" sc="1" el="10" ec="2" bec="0" bev="0" fileid="6" />
              </SequencePoints>
              <BranchPoints />
              <MethodPoint vc="0" uspid="0" p8:type="SequencePoint" ordinal="2" offset="2" sc="0" sl="10" ec="1" el="10" bec="0" bev="0" fileid="6" xmlns:p8="xsi" />
            </Method>
            <Method cyclomaticComplexity="4" nPathComplexity="0" sequenceCoverage="0" branchCoverage="0" isConstructor="False" isGetter="False" isSetter="False" isStatic="True">
              <Summary numSequencePoints="7" visitedSequencePoints="0" numBranchPoints="4" visitedBranchPoints="0" sequenceCoverage="0" branchCoverage="0" maxCyclomaticComplexity="4" minCyclomaticComplexity="4" visitedClasses="0" numClasses="0" visitedMethods="0" numMethods="1" />
              <MetadataToken />
              <Name>System.Void Reloadly.Core.Internal.Net.ServiceApi::ValidateCredentials(System.String,System.String)</Name>
              <FileRef uid="6" />
              <SequencePoints>
                <SequencePoint vc="0" uspid="29" ordinal="0" sl="29" sc="1" el="29" ec="2" bec="0" bev="0" fileid="6" />
                <SequencePoint vc="0" uspid="30" ordinal="1" sl="30" sc="1" el="30" ec="2" bec="4" bev="0" fileid="6" />
                <SequencePoint vc="0" uspid="31" ordinal="2" sl="31" sc="1" el="31" ec="2" bec="0" bev="0" fileid="6" />
                <SequencePoint vc="0" uspid="32" ordinal="3" sl="32" sc="1" el="32" ec="2" bec="0" bev="0" fileid="6" />
                <SequencePoint vc="0" uspid="33" ordinal="4" sl="33" sc="1" el="33" ec="2" bec="0" bev="0" fileid="6" />
                <SequencePoint vc="0" uspid="34" ordinal="5" sl="34" sc="1" el="34" ec="2" bec="0" bev="0" fileid="6" />
                <SequencePoint vc="0" uspid="36" ordinal="6" sl="36" sc="1" el="36" ec="2" bec="0" bev="0" fileid="6" />
              </SequencePoints>
              <BranchPoints>
                <BranchPoint vc="0" uspid="30" ordinal="0" path="0" offset="7" offsetend="9" sl="30" fileid="6" />
                <BranchPoint vc="0" uspid="30" ordinal="1" path="1" offset="7" offsetend="17" sl="30" fileid="6" />
                <BranchPoint vc="0" uspid="30" ordinal="2" path="0" offset="20" offsetend="22" sl="30" fileid="6" />
                <BranchPoint vc="0" uspid="30" ordinal="3" path="1" offset="20" offsetend="34" sl="30" fileid="6" />
              </BranchPoints>
              <MethodPoint vc="0" uspid="0" p8:type="SequencePoint" ordinal="3" offset="3" sc="0" sl="29" ec="1" el="36" bec="0" bev="0" fileid="6" xmlns:p8="xsi" />
            </Method>
            <Method cyclomaticComplexity="2" nPathComplexity="0" sequenceCoverage="0" branchCoverage="0" isConstructor="False" isGetter="False" isSetter="False" isStatic="True">
              <Summary numSequencePoints="7" visitedSequencePoints="0" numBranchPoints="2" visitedBranchPoints="0" sequenceCoverage="0" branchCoverage="0" maxCyclomaticComplexity="2" minCyclomaticComplexity="2" visitedClasses="0" numClasses="0" visitedMethods="0" numMethods="1" />
              <MetadataToken />
              <Name>System.Void Reloadly.Core.Internal.Net.ServiceApi::ValidateAccessToken(System.String)</Name>
              <FileRef uid="6" />
              <SequencePoints>
                <SequencePoint vc="0" uspid="39" ordinal="0" sl="39" sc="1" el="39" ec="2" bec="0" bev="0" fileid="6" />
                <SequencePoint vc="0" uspid="42" ordinal="1" sl="42" sc="1" el="42" ec="2" bec="0" bev="0" fileid="6" />
                <SequencePoint vc="0" uspid="44" ordinal="2" sl="44" sc="1" el="44" ec="2" bec="0" bev="0" fileid="6" />
                <SequencePoint vc="0" uspid="45" ordinal="3" sl="45" sc="1" el="45" ec="2" bec="2" bev="0" fileid="6" />
                <SequencePoint vc="0" uspid="46" ordinal="4" sl="46" sc="1" el="46" ec="2" bec="0" bev="0" fileid="6" />
                <SequencePoint vc="0" uspid="47" ordinal="5" sl="47" sc="1" el="47" ec="2" bec="0" bev="0" fileid="6" />
                <SequencePoint vc="0" uspid="49" ordinal="6" sl="49" sc="1" el="49" ec="2" bec="0" bev="0" fileid="6" />
              </SequencePoints>
              <BranchPoints>
                <BranchPoint vc="0" uspid="45" ordinal="0" path="0" offset="58" offsetend="60" sl="45" fileid="6" />
                <BranchPoint vc="0" uspid="45" ordinal="1" path="1" offset="58" offsetend="72" sl="45" fileid="6" />
              </BranchPoints>
              <MethodPoint vc="0" uspid="0" p8:type="SequencePoint" ordinal="4" offset="4" sc="0" sl="39" ec="1" el="49" bec="0" bev="0" fileid="6" xmlns:p8="xsi" />
            </Method>
            <Method cyclomaticComplexity="1" nPathComplexity="0" sequenceCoverage="0" branchCoverage="100" isConstructor="True" isGetter="False" isSetter="False" isStatic="True">
              <Summary numSequencePoints="6" visitedSequencePoints="0" numBranchPoints="0" visitedBranchPoints="0" sequenceCoverage="0" branchCoverage="100" maxCyclomaticComplexity="1" minCyclomaticComplexity="1" visitedClasses="0" numClasses="0" visitedMethods="0" numMethods="1" />
              <MetadataToken />
              <Name>System.Void Reloadly.Core.Internal.Net.ServiceApi::.ctor(System.String)</Name>
              <FileRef uid="6" />
              <SequencePoints>
                <SequencePoint vc="0" uspid="12" ordinal="0" sl="12" sc="1" el="12" ec="2" bec="0" bev="0" fileid="6" />
                <SequencePoint vc="0" uspid="13" ordinal="1" sl="13" sc="1" el="13" ec="2" bec="0" bev="0" fileid="6" />
                <SequencePoint vc="0" uspid="14" ordinal="2" sl="14" sc="1" el="14" ec="2" bec="0" bev="0" fileid="6" />
                <SequencePoint vc="0" uspid="15" ordinal="3" sl="15" sc="1" el="15" ec="2" bec="0" bev="0" fileid="6" />
                <SequencePoint vc="0" uspid="16" ordinal="4" sl="16" sc="1" el="16" ec="2" bec="0" bev="0" fileid="6" />
                <SequencePoint vc="0" uspid="17" ordinal="5" sl="17" sc="1" el="17" ec="2" bec="0" bev="0" fileid="6" />
              </SequencePoints>
              <BranchPoints />
              <MethodPoint vc="0" uspid="0" p8:type="SequencePoint" ordinal="5" offset="5" sc="0" sl="12" ec="1" el="17" bec="0" bev="0" fileid="6" xmlns:p8="xsi" />
            </Method>
            <Method cyclomaticComplexity="1" nPathComplexity="0" sequenceCoverage="0" branchCoverage="100" isConstructor="True" isGetter="False" isSetter="False" isStatic="True">
              <Summary numSequencePoints="7" visitedSequencePoints="0" numBranchPoints="0" visitedBranchPoints="0" sequenceCoverage="0" branchCoverage="100" maxCyclomaticComplexity="1" minCyclomaticComplexity="1" visitedClasses="0" numClasses="0" visitedMethods="0" numMethods="1" />
              <MetadataToken />
              <Name>System.Void Reloadly.Core.Internal.Net.ServiceApi::.ctor(System.String,System.String)</Name>
              <FileRef uid="6" />
              <SequencePoints>
                <SequencePoint vc="0" uspid="19" ordinal="0" sl="19" sc="1" el="19" ec="2" bec="0" bev="0" fileid="6" />
                <SequencePoint vc="0" uspid="20" ordinal="1" sl="20" sc="1" el="20" ec="2" bec="0" bev="0" fileid="6" />
                <SequencePoint vc="0" uspid="21" ordinal="2" sl="21" sc="1" el="21" ec="2" bec="0" bev="0" fileid="6" />
                <SequencePoint vc="0" uspid="22" ordinal="3" sl="22" sc="1" el="22" ec="2" bec="0" bev="0" fileid="6" />
                <SequencePoint vc="0" uspid="24" ordinal="4" sl="24" sc="1" el="24" ec="2" bec="0" bev="0" fileid="6" />
                <SequencePoint vc="0" uspid="25" ordinal="5" sl="25" sc="1" el="25" ec="2" bec="0" bev="0" fileid="6" />
                <SequencePoint vc="0" uspid="26" ordinal="6" sl="26" sc="1" el="26" ec="2" bec="0" bev="0" fileid="6" />
              </SequencePoints>
              <BranchPoints />
              <MethodPoint vc="0" uspid="0" p8:type="SequencePoint" ordinal="6" offset="6" sc="0" sl="19" ec="1" el="26" bec="0" bev="0" fileid="6" xmlns:p8="xsi" />
            </Method>
          </Methods>
        </Class>
        <Class>
          <Summary numSequencePoints="9" visitedSequencePoints="9" numBranchPoints="0" visitedBranchPoints="0" sequenceCoverage="100" branchCoverage="100" maxCyclomaticComplexity="1" minCyclomaticComplexity="1" visitedClasses="1" numClasses="1" visitedMethods="4" numMethods="4" />
          <FullName>Reloadly.Core.Internal.Net.Telemetry</FullName>
          <Methods>
            <Method cyclomaticComplexity="1" nPathComplexity="0" sequenceCoverage="100" branchCoverage="100" isConstructor="False" isGetter="True" isSetter="False" isStatic="True">
              <Summary numSequencePoints="1" visitedSequencePoints="1" numBranchPoints="0" visitedBranchPoints="0" sequenceCoverage="100" branchCoverage="100" maxCyclomaticComplexity="1" minCyclomaticComplexity="1" visitedClasses="0" numClasses="0" visitedMethods="1" numMethods="1" />
              <MetadataToken />
              <Name>System.String Reloadly.Core.Internal.Net.Telemetry::get_Name()</Name>
              <FileRef uid="7" />
              <SequencePoints>
                <SequencePoint vc="3" uspid="5" ordinal="0" sl="5" sc="1" el="5" ec="2" bec="0" bev="0" fileid="7" />
              </SequencePoints>
              <BranchPoints />
              <MethodPoint vc="1" uspid="0" p8:type="SequencePoint" ordinal="0" offset="0" sc="0" sl="5" ec="1" el="5" bec="0" bev="0" fileid="7" xmlns:p8="xsi" />
            </Method>
            <Method cyclomaticComplexity="1" nPathComplexity="0" sequenceCoverage="100" branchCoverage="100" isConstructor="False" isGetter="True" isSetter="False" isStatic="True">
              <Summary numSequencePoints="1" visitedSequencePoints="1" numBranchPoints="0" visitedBranchPoints="0" sequenceCoverage="100" branchCoverage="100" maxCyclomaticComplexity="1" minCyclomaticComplexity="1" visitedClasses="0" numClasses="0" visitedMethods="1" numMethods="1" />
              <MetadataToken />
              <Name>System.String Reloadly.Core.Internal.Net.Telemetry::get_ApiVersion()</Name>
              <FileRef uid="7" />
              <SequencePoints>
                <SequencePoint vc="3" uspid="6" ordinal="0" sl="6" sc="1" el="6" ec="2" bec="0" bev="0" fileid="7" />
              </SequencePoints>
              <BranchPoints />
              <MethodPoint vc="1" uspid="0" p8:type="SequencePoint" ordinal="1" offset="1" sc="0" sl="6" ec="1" el="6" bec="0" bev="0" fileid="7" xmlns:p8="xsi" />
            </Method>
            <Method cyclomaticComplexity="1" nPathComplexity="0" sequenceCoverage="100" branchCoverage="100" isConstructor="False" isGetter="True" isSetter="False" isStatic="True">
              <Summary numSequencePoints="1" visitedSequencePoints="1" numBranchPoints="0" visitedBranchPoints="0" sequenceCoverage="100" branchCoverage="100" maxCyclomaticComplexity="1" minCyclomaticComplexity="1" visitedClasses="0" numClasses="0" visitedMethods="1" numMethods="1" />
              <MetadataToken />
              <Name>System.String Reloadly.Core.Internal.Net.Telemetry::get_LibraryVersion()</Name>
              <FileRef uid="7" />
              <SequencePoints>
                <SequencePoint vc="3" uspid="7" ordinal="0" sl="7" sc="1" el="7" ec="2" bec="0" bev="0" fileid="7" />
              </SequencePoints>
              <BranchPoints />
              <MethodPoint vc="1" uspid="0" p8:type="SequencePoint" ordinal="2" offset="2" sc="0" sl="7" ec="1" el="7" bec="0" bev="0" fileid="7" xmlns:p8="xsi" />
            </Method>
            <Method cyclomaticComplexity="1" nPathComplexity="0" sequenceCoverage="100" branchCoverage="100" isConstructor="True" isGetter="False" isSetter="False" isStatic="True">
              <Summary numSequencePoints="6" visitedSequencePoints="6" numBranchPoints="0" visitedBranchPoints="0" sequenceCoverage="100" branchCoverage="100" maxCyclomaticComplexity="1" minCyclomaticComplexity="1" visitedClasses="0" numClasses="0" visitedMethods="1" numMethods="1" />
              <MetadataToken />
              <Name>System.Void Reloadly.Core.Internal.Net.Telemetry::.ctor(System.String,System.String,System.String)</Name>
              <FileRef uid="7" />
              <SequencePoints>
                <SequencePoint vc="1" uspid="9" ordinal="0" sl="9" sc="1" el="9" ec="2" bec="0" bev="0" fileid="7" />
                <SequencePoint vc="1" uspid="10" ordinal="1" sl="10" sc="1" el="10" ec="2" bec="0" bev="0" fileid="7" />
                <SequencePoint vc="1" uspid="11" ordinal="2" sl="11" sc="1" el="11" ec="2" bec="0" bev="0" fileid="7" />
                <SequencePoint vc="1" uspid="12" ordinal="3" sl="12" sc="1" el="12" ec="2" bec="0" bev="0" fileid="7" />
                <SequencePoint vc="1" uspid="13" ordinal="4" sl="13" sc="1" el="13" ec="2" bec="0" bev="0" fileid="7" />
                <SequencePoint vc="1" uspid="14" ordinal="5" sl="14" sc="1" el="14" ec="2" bec="0" bev="0" fileid="7" />
              </SequencePoints>
              <BranchPoints />
              <MethodPoint vc="6" uspid="0" p8:type="SequencePoint" ordinal="3" offset="3" sc="0" sl="9" ec="1" el="14" bec="0" bev="0" fileid="7" xmlns:p8="xsi" />
            </Method>
          </Methods>
        </Class>
        <Class>
          <Summary numSequencePoints="2" visitedSequencePoints="0" numBranchPoints="0" visitedBranchPoints="0" sequenceCoverage="0" branchCoverage="100" maxCyclomaticComplexity="1" minCyclomaticComplexity="1" visitedClasses="0" numClasses="1" visitedMethods="0" numMethods="1" />
          <FullName>Reloadly.Core.Internal.Filter.BaseFilter</FullName>
          <Methods>
            <Method cyclomaticComplexity="1" nPathComplexity="0" sequenceCoverage="0" branchCoverage="100" isConstructor="True" isGetter="False" isSetter="False" isStatic="True">
              <Summary numSequencePoints="2" visitedSequencePoints="0" numBranchPoints="0" visitedBranchPoints="0" sequenceCoverage="0" branchCoverage="100" maxCyclomaticComplexity="1" minCyclomaticComplexity="1" visitedClasses="0" numClasses="0" visitedMethods="0" numMethods="1" />
              <MetadataToken />
              <Name>System.Void Reloadly.Core.Internal.Filter.BaseFilter::.ctor()</Name>
              <FileRef uid="8" />
              <SequencePoints>
                <SequencePoint vc="0" uspid="7" ordinal="0" sl="7" sc="1" el="7" ec="2" bec="0" bev="0" fileid="8" />
                <SequencePoint vc="0" uspid="8" ordinal="1" sl="8" sc="1" el="8" ec="2" bec="0" bev="0" fileid="8" />
              </SequencePoints>
              <BranchPoints />
              <MethodPoint vc="0" uspid="0" p8:type="SequencePoint" ordinal="0" offset="0" sc="0" sl="7" ec="1" el="8" bec="0" bev="0" fileid="8" xmlns:p8="xsi" />
            </Method>
          </Methods>
        </Class>
        <Class>
          <Summary numSequencePoints="9" visitedSequencePoints="0" numBranchPoints="4" visitedBranchPoints="0" sequenceCoverage="0" branchCoverage="0" maxCyclomaticComplexity="4" minCyclomaticComplexity="4" visitedClasses="0" numClasses="1" visitedMethods="0" numMethods="1" />
          <FullName>Reloadly.Core.Internal.Filter.QueryFilter</FullName>
          <Methods>
            <Method cyclomaticComplexity="4" nPathComplexity="0" sequenceCoverage="0" branchCoverage="0" isConstructor="False" isGetter="False" isSetter="False" isStatic="True">
              <Summary numSequencePoints="9" visitedSequencePoints="0" numBranchPoints="4" visitedBranchPoints="0" sequenceCoverage="0" branchCoverage="0" maxCyclomaticComplexity="4" minCyclomaticComplexity="4" visitedClasses="0" numClasses="0" visitedMethods="0" numMethods="1" />
              <MetadataToken />
              <Name>Reloadly.Core.Internal.Filter.QueryFilter Reloadly.Core.Internal.Filter.QueryFilter::WithPage(System.Int32,System.Int32)</Name>
              <FileRef uid="9" />
              <SequencePoints>
                <SequencePoint vc="0" uspid="14" ordinal="0" sl="14" sc="1" el="14" ec="2" bec="0" bev="0" fileid="9" />
                <SequencePoint vc="0" uspid="15" ordinal="1" sl="15" sc="1" el="15" ec="2" bec="2" bev="0" fileid="9" />
                <SequencePoint vc="0" uspid="16" ordinal="2" sl="16" sc="1" el="16" ec="2" bec="0" bev="0" fileid="9" />
                <SequencePoint vc="0" uspid="18" ordinal="3" sl="18" sc="1" el="18" ec="2" bec="2" bev="0" fileid="9" />
                <SequencePoint vc="0" uspid="19" ordinal="4" sl="19" sc="1" el="19" ec="2" bec="0" bev="0" fileid="9" />
                <SequencePoint vc="0" uspid="21" ordinal="5" sl="21" sc="1" el="21" ec="2" bec="0" bev="0" fileid="9" />
                <SequencePoint vc="0" uspid="22" ordinal="6" sl="22" sc="1" el="22" ec="2" bec="0" bev="0" fileid="9" />
                <SequencePoint vc="0" uspid="23" ordinal="7" sl="23" sc="1" el="23" ec="2" bec="0" bev="0" fileid="9" />
                <SequencePoint vc="0" uspid="24" ordinal="8" sl="24" sc="1" el="24" ec="2" bec="0" bev="0" fileid="9" />
              </SequencePoints>
              <BranchPoints>
                <BranchPoint vc="0" uspid="15" ordinal="0" path="0" offset="10" offsetend="12" sl="15" fileid="9" />
                <BranchPoint vc="0" uspid="15" ordinal="1" path="1" offset="10" offsetend="23" sl="15" fileid="9" />
                <BranchPoint vc="0" uspid="18" ordinal="2" path="0" offset="32" offsetend="34" sl="18" fileid="9" />
                <BranchPoint vc="0" uspid="18" ordinal="3" path="1" offset="32" offsetend="45" sl="18" fileid="9" />
              </BranchPoints>
              <MethodPoint vc="0" uspid="0" p8:type="SequencePoint" ordinal="0" offset="0" sc="0" sl="14" ec="1" el="24" bec="0" bev="0" fileid="9" xmlns:p8="xsi" />
            </Method>
          </Methods>
        </Class>
        <Class>
          <Summary numSequencePoints="12" visitedSequencePoints="0" numBranchPoints="0" visitedBranchPoints="0" sequenceCoverage="0" branchCoverage="100" maxCyclomaticComplexity="1" minCyclomaticComplexity="1" visitedClasses="0" numClasses="1" visitedMethods="0" numMethods="4" />
          <FullName>Reloadly.Core.Internal.Client.BaseOperation</FullName>
          <Methods>
            <Method cyclomaticComplexity="1" nPathComplexity="0" sequenceCoverage="0" branchCoverage="100" isConstructor="False" isGetter="True" isSetter="False" isStatic="True">
              <Summary numSequencePoints="1" visitedSequencePoints="0" numBranchPoints="0" visitedBranchPoints="0" sequenceCoverage="0" branchCoverage="100" maxCyclomaticComplexity="1" minCyclomaticComplexity="1" visitedClasses="0" numClasses="0" visitedMethods="0" numMethods="1" />
              <MetadataToken />
              <Name>Reloadly.Core.Internal.Net.IReloadlyHttpClient Reloadly.Core.Internal.Client.BaseOperation::get_HttpClient()</Name>
              <FileRef uid="10" />
              <SequencePoints>
                <SequencePoint vc="0" uspid="19" ordinal="0" sl="19" sc="1" el="19" ec="2" bec="0" bev="0" fileid="10" />
              </SequencePoints>
              <BranchPoints />
              <MethodPoint vc="0" uspid="0" p8:type="SequencePoint" ordinal="0" offset="0" sc="0" sl="19" ec="1" el="19" bec="0" bev="0" fileid="10" xmlns:p8="xsi" />
            </Method>
            <Method cyclomaticComplexity="1" nPathComplexity="0" sequenceCoverage="0" branchCoverage="100" isConstructor="False" isGetter="True" isSetter="False" isStatic="True">
              <Summary numSequencePoints="1" visitedSequencePoints="0" numBranchPoints="0" visitedBranchPoints="0" sequenceCoverage="0" branchCoverage="100" maxCyclomaticComplexity="1" minCyclomaticComplexity="1" visitedClasses="0" numClasses="0" visitedMethods="0" numMethods="1" />
              <MetadataToken />
              <Name>System.Uri Reloadly.Core.Internal.Client.BaseOperation::get_BaseUri()</Name>
              <FileRef uid="10" />
              <SequencePoints>
                <SequencePoint vc="0" uspid="20" ordinal="0" sl="20" sc="1" el="20" ec="2" bec="0" bev="0" fileid="10" />
              </SequencePoints>
              <BranchPoints />
              <MethodPoint vc="0" uspid="0" p8:type="SequencePoint" ordinal="1" offset="1" sc="0" sl="20" ec="1" el="20" bec="0" bev="0" fileid="10" xmlns:p8="xsi" />
            </Method>
            <Method cyclomaticComplexity="1" nPathComplexity="0" sequenceCoverage="0" branchCoverage="100" isConstructor="False" isGetter="True" isSetter="False" isStatic="True">
              <Summary numSequencePoints="1" visitedSequencePoints="0" numBranchPoints="0" visitedBranchPoints="0" sequenceCoverage="0" branchCoverage="100" maxCyclomaticComplexity="1" minCyclomaticComplexity="1" visitedClasses="0" numClasses="0" visitedMethods="0" numMethods="1" />
              <MetadataToken />
              <Name>Reloadly.Core.Enums.ReloadlyEnvironment Reloadly.Core.Internal.Client.BaseOperation::get_Environment()</Name>
              <FileRef uid="10" />
              <SequencePoints>
                <SequencePoint vc="0" uspid="21" ordinal="0" sl="21" sc="1" el="21" ec="2" bec="0" bev="0" fileid="10" />
              </SequencePoints>
              <BranchPoints />
              <MethodPoint vc="0" uspid="0" p8:type="SequencePoint" ordinal="2" offset="2" sc="0" sl="21" ec="1" el="21" bec="0" bev="0" fileid="10" xmlns:p8="xsi" />
            </Method>
[...]
            <Method cyclomaticComplexity="1" nPathComplexity="0" sequenceCoverage="0" branchCoverage="100" isConstructor="True" isGetter="False" isSetter="False" isStatic="True">
              <Summary numSequencePoints="1" visitedSequencePoints="0" numBranchPoints="0" visitedBranchPoints="0" sequenceCoverage="0" branchCoverage="100" maxCyclomaticComplexity="1" minCyclomaticComplexity="1" visitedClasses="0" numClasses="0" visitedMethods="0" numMethods="1" />
              <MetadataToken />
              <Name>System.Void Reloadly.Core.Exception.Oauth.ReloadlyOAuthException`1::.ctor(Reloadly.Core.Internal.ReloadlyRequest`1&lt;TResponse&gt;,System.String,System.Int32,System.String)</Name>
              <FileRef uid="15" />
              <SequencePoints>
                <SequencePoint vc="0" uspid="45" ordinal="0" sl="45" sc="1" el="45" ec="2" bec="0" bev="0" fileid="15" />
              </SequencePoints>
              <BranchPoints />
              <MethodPoint vc="0" uspid="0" p8:type="SequencePoint" ordinal="8" offset="8" sc="0" sl="45" ec="1" el="45" bec="0" bev="0" fileid="15" xmlns:p8="xsi" />
            </Method>
            <Method cyclomaticComplexity="1" nPathComplexity="0" sequenceCoverage="0" branchCoverage="100" isConstructor="True" isGetter="False" isSetter="False" isStatic="True">
              <Summary numSequencePoints="1" visitedSequencePoints="0" numBranchPoints="0" visitedBranchPoints="0" sequenceCoverage="0" branchCoverage="100" maxCyclomaticComplexity="1" minCyclomaticComplexity="1" visitedClasses="0" numClasses="0" visitedMethods="0" numMethods="1" />
              <MetadataToken />
              <Name>System.Void Reloadly.Core.Exception.Oauth.ReloadlyOAuthException`1::.ctor(Reloadly.Core.Internal.ReloadlyRequest`1&lt;TResponse&gt;,System.String,System.Int32,System.String,System.String,System.Collections.Generic.IEnumerable`1&lt;System.Object&gt;,System.Exception)</Name>
              <FileRef uid="15" />
              <SequencePoints>
                <SequencePoint vc="0" uspid="50" ordinal="0" sl="50" sc="1" el="50" ec="2" bec="0" bev="0" fileid="15" />
              </SequencePoints>
              <BranchPoints />
              <MethodPoint vc="0" uspid="0" p8:type="SequencePoint" ordinal="9" offset="9" sc="0" sl="50" ec="1" el="50" bec="0" bev="0" fileid="15" xmlns:p8="xsi" />
            </Method>
          </Methods>
        </Class>
        <Class>
          <Summary numSequencePoints="7" visitedSequencePoints="0" numBranchPoints="0" visitedBranchPoints="0" sequenceCoverage="0" branchCoverage="100" maxCyclomaticComplexity="1" minCyclomaticComplexity="1" visitedClasses="0" numClasses="1" visitedMethods="0" numMethods="3" />
          <FullName>Reloadly.Core.Enums.ReloadlyService</FullName>
          <Methods>
            <Method cyclomaticComplexity="1" nPathComplexity="0" sequenceCoverage="0" branchCoverage="100" isConstructor="False" isGetter="True" isSetter="False" isStatic="True">
              <Summary numSequencePoints="1" visitedSequencePoints="0" numBranchPoints="0" visitedBranchPoints="0" sequenceCoverage="0" branchCoverage="100" maxCyclomaticComplexity="1" minCyclomaticComplexity="1" visitedClasses="0" numClasses="0" visitedMethods="0" numMethods="1" />
              <MetadataToken />
              <Name>System.String Reloadly.Core.Enums.ReloadlyService::get_Url()</Name>
              <FileRef uid="16" />
              <SequencePoints>
                <SequencePoint vc="0" uspid="10" ordinal="0" sl="10" sc="1" el="10" ec="2" bec="0" bev="0" fileid="16" />
              </SequencePoints>
              <BranchPoints />
              <MethodPoint vc="0" uspid="0" p8:type="SequencePoint" ordinal="0" offset="0" sc="0" sl="10" ec="1" el="10" bec="0" bev="0" fileid="16" xmlns:p8="xsi" />
            </Method>
            <Method cyclomaticComplexity="1" nPathComplexity="0" sequenceCoverage="0" branchCoverage="100" isConstructor="True" isGetter="False" isSetter="False" isStatic="True">
              <Summary numSequencePoints="4" visitedSequencePoints="0" numBranchPoints="0" visitedBranchPoints="0" sequenceCoverage="0" branchCoverage="100" maxCyclomaticComplexity="1" minCyclomaticComplexity="1" visitedClasses="0" numClasses="0" visitedMethods="0" numMethods="1" />
              <MetadataToken />
              <Name>System.Void Reloadly.Core.Enums.ReloadlyService::.ctor(System.String)</Name>
              <FileRef uid="16" />
              <SequencePoints>
                <SequencePoint vc="0" uspid="12" ordinal="0" sl="12" sc="1" el="12" ec="2" bec="0" bev="0" fileid="16" />
                <SequencePoint vc="0" uspid="13" ordinal="1" sl="13" sc="1" el="13" ec="2" bec="0" bev="0" fileid="16" />
                <SequencePoint vc="0" uspid="14" ordinal="2" sl="14" sc="1" el="14" ec="2" bec="0" bev="0" fileid="16" />
                <SequencePoint vc="0" uspid="15" ordinal="3" sl="15" sc="1" el="15" ec="2" bec="0" bev="0" fileid="16" />
              </SequencePoints>
              <BranchPoints />
              <MethodPoint vc="0" uspid="0" p8:type="SequencePoint" ordinal="1" offset="1" sc="0" sl="12" ec="1" el="15" bec="0" bev="0" fileid="16" xmlns:p8="xsi" />
            </Method>
            <Method cyclomaticComplexity="1" nPathComplexity="0" sequenceCoverage="0" branchCoverage="100" isConstructor="True" isGetter="False" isSetter="False" isStatic="True">
              <Summary numSequencePoints="2" visitedSequencePoints="0" numBranchPoints="0" visitedBranchPoints="0" sequenceCoverage="0" branchCoverage="100" maxCyclomaticComplexity="1" minCyclomaticComplexity="1" visitedClasses="0" numClasses="0" visitedMethods="0" numMethods="1" />
              <MetadataToken />
              <Name>System.Void Reloadly.Core.Enums.ReloadlyService::.cctor()</Name>
              <FileRef uid="16" />
              <SequencePoints>
                <SequencePoint vc="0" uspid="7" ordinal="0" sl="7" sc="1" el="7" ec="2" bec="0" bev="0" fileid="16" />
                <SequencePoint vc="0" uspid="8" ordinal="1" sl="8" sc="1" el="8" ec="2" bec="0" bev="0" fileid="16" />
              </SequencePoints>
              <BranchPoints />
              <MethodPoint vc="0" uspid="0" p8:type="SequencePoint" ordinal="2" offset="2" sc="0" sl="7" ec="1" el="8" bec="0" bev="0" fileid="16" xmlns:p8="xsi" />
            </Method>
          </Methods>
        </Class>
        <Class>
          <Summary numSequencePoints="10" visitedSequencePoints="0" numBranchPoints="0" visitedBranchPoints="0" sequenceCoverage="0" branchCoverage="100" maxCyclomaticComplexity="1" minCyclomaticComplexity="1" visitedClasses="0" numClasses="1" visitedMethods="0" numMethods="10" />
          <FullName>Reloadly.Core.Dto.Response.Page`1</FullName>
          <Methods>
            <Method cyclomaticComplexity="1" nPathComplexity="0" sequenceCoverage="0" branchCoverage="100" isConstructor="False" isGetter="True" isSetter="False" isStatic="True">
              <Summary numSequencePoints="1" visitedSequencePoints="0" numBranchPoints="0" visitedBranchPoints="0" sequenceCoverage="0" branchCoverage="100" maxCyclomaticComplexity="1" minCyclomaticComplexity="1" visitedClasses="0" numClasses="0" visitedMethods="0" numMethods="1" />
              <MetadataToken />
              <Name>System.Collections.Generic.IList`1&lt;T&gt; Reloadly.Core.Dto.Response.Page`1::get_Content()</Name>
              <FileRef uid="17" />
              <SequencePoints>
                <SequencePoint vc="0" uspid="10" ordinal="0" sl="10" sc="1" el="10" ec="2" bec="0" bev="0" fileid="17" />
              </SequencePoints>
              <BranchPoints />
              <MethodPoint vc="0" uspid="0" p8:type="SequencePoint" ordinal="0" offset="0" sc="0" sl="10" ec="1" el="10" bec="0" bev="0" fileid="17" xmlns:p8="xsi" />
            </Method>
            <Method cyclomaticComplexity="1" nPathComplexity="0" sequenceCoverage="0" branchCoverage="100" isConstructor="False" isGetter="True" isSetter="False" isStatic="True">
              <Summary numSequencePoints="1" visitedSequencePoints="0" numBranchPoints="0" visitedBranchPoints="0" sequenceCoverage="0" branchCoverage="100" maxCyclomaticComplexity="1" minCyclomaticComplexity="1" visitedClasses="0" numClasses="0" visitedMethods="0" numMethods="1" />
              <MetadataToken />
              <Name>System.Int32 Reloadly.Core.Dto.Response.Page`1::get_Number()</Name>
              <FileRef uid="17" />
              <SequencePoints>
                <SequencePoint vc="0" uspid="13" ordinal="0" sl="13" sc="1" el="13" ec="2" bec="0" bev="0" fileid="17" />
              </SequencePoints>
              <BranchPoints />
              <MethodPoint vc="0" uspid="0" p8:type="SequencePoint" ordinal="1" offset="1" sc="0" sl="13" ec="1" el="13" bec="0" bev="0" fileid="17" xmlns:p8="xsi" />
            </Method>
            <Method cyclomaticComplexity="1" nPathComplexity="0" sequenceCoverage="0" branchCoverage="100" isConstructor="False" isGetter="True" isSetter="False" isStatic="True">
              <Summary numSequencePoints="1" visitedSequencePoints="0" numBranchPoints="0" visitedBranchPoints="0" sequenceCoverage="0" branchCoverage="100" maxCyclomaticComplexity="1" minCyclomaticComplexity="1" visitedClasses="0" numClasses="0" visitedMethods="0" numMethods="1" />
              <MetadataToken />
              <Name>System.Int32 Reloadly.Core.Dto.Response.Page`1::get_Size()</Name>
              <FileRef uid="17" />
              <SequencePoints>
                <SequencePoint vc="0" uspid="16" ordinal="0" sl="16" sc="1" el="16" ec="2" bec="0" bev="0" fileid="17" />
              </SequencePoints>
              <BranchPoints />
              <MethodPoint vc="0" uspid="0" p8:type="SequencePoint" ordinal="2" offset="2" sc="0" sl="16" ec="1" el="16" bec="0" bev="0" fileid="17" xmlns:p8="xsi" />
            </Method>
            <Method cyclomaticComplexity="1" nPathComplexity="0" sequenceCoverage="0" branchCoverage="100" isConstructor="False" isGetter="True" isSetter="False" isStatic="True">
              <Summary numSequencePoints="1" visitedSequencePoints="0" numBranchPoints="0" visitedBranchPoints="0" sequenceCoverage="0" branchCoverage="100" maxCyclomaticComplexity="1" minCyclomaticComplexity="1" visitedClasses="0" numClasses="0" visitedMethods="0" numMethods="1" />
              <MetadataToken />
              <Name>System.Int64 Reloadly.Core.Dto.Response.Page`1::get_TotalElements()</Name>
              <FileRef uid="17" />
              <SequencePoints>
                <SequencePoint vc="0" uspid="19" ordinal="0" sl="19" sc="1" el="19" ec="2" bec="0" bev="0" fileid="17" />
              </SequencePoints>
              <BranchPoints />
              <MethodPoint vc="0" uspid="0" p8:type="SequencePoint" ordinal="3" offset="3" sc="0" sl="19" ec="1" el="19" bec="0" bev="0" fileid="17" xmlns:p8="xsi" />
            </Method>
            <Method cyclomaticComplexity="1" nPathComplexity="0" sequenceCoverage="0" branchCoverage="100" isConstructor="False" isGetter="True" isSetter="False" isStatic="True">
              <Summary numSequencePoints="1" visitedSequencePoints="0" numBranchPoints="0" visitedBranchPoints="0" sequenceCoverage="0" branchCoverage="100" maxCyclomaticComplexity="1" minCyclomaticComplexity="1" visitedClasses="0" numClasses="0" visitedMethods="0" numMethods="1" />
              <MetadataToken />
              <Name>System.Object Reloadly.Core.Dto.Response.Page`1::get_Pageable()</Name>
              <FileRef uid="17" />
              <SequencePoints>
                <SequencePoint vc="0" uspid="22" ordinal="0" sl="22" sc="1" el="22" ec="2" bec="0" bev="0" fileid="17" />
              </SequencePoints>
              <BranchPoints />
              <MethodPoint vc="0" uspid="0" p8:type="SequencePoint" ordinal="4" offset="4" sc="0" sl="22" ec="1" el="22" bec="0" bev="0" fileid="17" xmlns:p8="xsi" />
            </Method>
            <Method cyclomaticComplexity="1" nPathComplexity="0" sequenceCoverage="0" branchCoverage="100" isConstructor="False" isGetter="True" isSetter="False" isStatic="True">
              <Summary numSequencePoints="1" visitedSequencePoints="0" numBranchPoints="0" visitedBranchPoints="0" sequenceCoverage="0" branchCoverage="100" maxCyclomaticComplexity="1" minCyclomaticComplexity="1" visitedClasses="0" numClasses="0" visitedMethods="0" numMethods="1" />
              <MetadataToken />
              <Name>System.Boolean Reloadly.Core.Dto.Response.Page`1::get_Last()</Name>
              <FileRef uid="17" />
              <SequencePoints>
                <SequencePoint vc="0" uspid="25" ordinal="0" sl="25" sc="1" el="25" ec="2" bec="0" bev="0" fileid="17" />
              </SequencePoints>
              <BranchPoints />
              <MethodPoint vc="0" uspid="0" p8:type="SequencePoint" ordinal="5" offset="5" sc="0" sl="25" ec="1" el="25" bec="0" bev="0" fileid="17" xmlns:p8="xsi" />
            </Method>
            <Method cyclomaticComplexity="1" nPathComplexity="0" sequenceCoverage="0" branchCoverage="100" isConstructor="False" isGetter="True" isSetter="False" isStatic="True">
              <Summary numSequencePoints="1" visitedSequencePoints="0" numBranchPoints="0" visitedBranchPoints="0" sequenceCoverage="0" branchCoverage="100" maxCyclomaticComplexity="1" minCyclomaticComplexity="1" visitedClasses="0" numClasses="0" visitedMethods="0" numMethods="1" />
              <MetadataToken />
              <Name>System.Int32 Reloadly.Core.Dto.Response.Page`1::get_TotalPages()</Name>
              <FileRef uid="17" />
              <SequencePoints>
                <SequencePoint vc="0" uspid="28" ordinal="0" sl="28" sc="1" el="28" ec="2" bec="0" bev="0" fileid="17" />
              </SequencePoints>
              <BranchPoints />
              <MethodPoint vc="0" uspid="0" p8:type="SequencePoint" ordinal="6" offset="6" sc="0" sl="28" ec="1" el="28" bec="0" bev="0" fileid="17" xmlns:p8="xsi" />
            </Method>
            <Method cyclomaticComplexity="1" nPathComplexity="0" sequenceCoverage="0" branchCoverage="100" isConstructor="False" isGetter="True" isSetter="False" isStatic="True">
              <Summary numSequencePoints="1" visitedSequencePoints="0" numBranchPoints="0" visitedBranchPoints="0" sequenceCoverage="0" branchCoverage="100" maxCyclomaticComplexity="1" minCyclomaticComplexity="1" visitedClasses="0" numClasses="0" visitedMethods="0" numMethods="1" />
              <MetadataToken />
              <Name>System.Object Reloadly.Core.Dto.Response.Page`1::get_Sort()</Name>
              <FileRef uid="17" />
              <SequencePoints>
                <SequencePoint vc="0" uspid="31" ordinal="0" sl="31" sc="1" el="31" ec="2" bec="0" bev="0" fileid="17" />
              </SequencePoints>
              <BranchPoints />
              <MethodPoint vc="0" uspid="0" p8:type="SequencePoint" ordinal="7" offset="7" sc="0" sl="31" ec="1" el="31" bec="0" bev="0" fileid="17" xmlns:p8="xsi" />
            </Method>
            <Method cyclomaticComplexity="1" nPathComplexity="0" sequenceCoverage="0" branchCoverage="100" isConstructor="False" isGetter="True" isSetter="False" isStatic="True">
              <Summary numSequencePoints="1" visitedSequencePoints="0" numBranchPoints="0" visitedBranchPoints="0" sequenceCoverage="0" branchCoverage="100" maxCyclomaticComplexity="1" minCyclomaticComplexity="1" visitedClasses="0" numClasses="0" visitedMethods="0" numMethods="1" />
              <MetadataToken />
              <Name>System.Boolean Reloadly.Core.Dto.Response.Page`1::get_First()</Name>
              <FileRef uid="17" />
              <SequencePoints>
                <SequencePoint vc="0" uspid="34" ordinal="0" sl="34" sc="1" el="34" ec="2" bec="0" bev="0" fileid="17" />
              </SequencePoints>
              <BranchPoints />
              <MethodPoint vc="0" uspid="0" p8:type="SequencePoint" ordinal="8" offset="8" sc="0" sl="34" ec="1" el="34" bec="0" bev="0" fileid="17" xmlns:p8="xsi" />
            </Method>
            <Method cyclomaticComplexity="1" nPathComplexity="0" sequenceCoverage="0" branchCoverage="100" isConstructor="False" isGetter="True" isSetter="False" isStatic="True">
              <Summary numSequencePoints="1" visitedSequencePoints="0" numBranchPoints="0" visitedBranchPoints="0" sequenceCoverage="0" branchCoverage="100" maxCyclomaticComplexity="1" minCyclomaticComplexity="1" visitedClasses="0" numClasses="0" visitedMethods="0" numMethods="1" />
              <MetadataToken />
              <Name>System.Int32 Reloadly.Core.Dto.Response.Page`1::get_NumberOfElements()</Name>
              <FileRef uid="17" />
              <SequencePoints>
                <SequencePoint vc="0" uspid="37" ordinal="0" sl="37" sc="1" el="37" ec="2" bec="0" bev="0" fileid="17" />
              </SequencePoints>
              <BranchPoints />
              <MethodPoint vc="0" uspid="0" p8:type="SequencePoint" ordinal="9" offset="9" sc="0" sl="37" ec="1" el="37" bec="0" bev="0" fileid="17" xmlns:p8="xsi" />
            </Method>
          </Methods>
        </Class>
        <Class>
          <Summary numSequencePoints="8" visitedSequencePoints="0" numBranchPoints="4" visitedBranchPoints="0" sequenceCoverage="0" branchCoverage="0" maxCyclomaticComplexity="4" minCyclomaticComplexity="4" visitedClasses="0" numClasses="1" visitedMethods="0" numMethods="1" />
          <FullName>Reloadly.Core.Constant.ServiceUrls</FullName>
          <Methods>
            <Method cyclomaticComplexity="4" nPathComplexity="0" sequenceCoverage="0" branchCoverage="0" isConstructor="False" isGetter="False" isSetter="False" isStatic="True">
              <Summary numSequencePoints="8" visitedSequencePoints="0" numBranchPoints="4" visitedBranchPoints="0" sequenceCoverage="0" branchCoverage="0" maxCyclomaticComplexity="4" minCyclomaticComplexity="4" visitedClasses="0" numClasses="0" visitedMethods="0" numMethods="1" />
              <MetadataToken />
              <Name>System.String Reloadly.Core.Constant.ServiceUrls::ByEnvironment(Reloadly.Core.Enums.ReloadlyEnvironment)</Name>
              <FileRef uid="18" />
              <SequencePoints>
                <SequencePoint vc="0" uspid="13" ordinal="0" sl="13" sc="1" el="13" ec="2" bec="0" bev="0" fileid="18" />
                <SequencePoint vc="0" uspid="14" ordinal="1" sl="14" sc="1" el="14" ec="2" bec="4" bev="0" fileid="18" />
                <SequencePoint vc="0" uspid="15" ordinal="2" sl="15" sc="1" el="15" ec="2" bec="0" bev="0" fileid="18" />
                <SequencePoint vc="0" uspid="16" ordinal="3" sl="16" sc="1" el="16" ec="2" bec="0" bev="0" fileid="18" />
                <SequencePoint vc="0" uspid="17" ordinal="4" sl="17" sc="1" el="17" ec="2" bec="0" bev="0" fileid="18" />
                <SequencePoint vc="0" uspid="18" ordinal="5" sl="18" sc="1" el="18" ec="2" bec="0" bev="0" fileid="18" />
                <SequencePoint vc="0" uspid="19" ordinal="6" sl="19" sc="1" el="19" ec="2" bec="0" bev="0" fileid="18" />
                <SequencePoint vc="0" uspid="20" ordinal="7" sl="20" sc="1" el="20" ec="2" bec="0" bev="0" fileid="18" />
              </SequencePoints>
              <BranchPoints>
                <BranchPoint vc="0" uspid="14" ordinal="0" path="0" offset="6" offsetend="10" sl="14" fileid="18" />
                <BranchPoint vc="0" uspid="14" ordinal="3" path="1" offset="12" offsetend="16" sl="14" fileid="18" />
                <BranchPoint vc="0" uspid="14" ordinal="1" path="1" offset="6" offsetend="24" sl="14" fileid="18" />
                <BranchPoint vc="0" uspid="14" ordinal="2" path="0" offset="12" offsetend="32" sl="14" fileid="18" />
              </BranchPoints>
              <MethodPoint vc="0" uspid="0" p8:type="SequencePoint" ordinal="0" offset="0" sc="0" sl="13" ec="1" el="20" bec="0" bev="0" fileid="18" xmlns:p8="xsi" />
            </Method>
          </Methods>
        </Class>
      </Classes>
    </Module>
  </Modules>
</CoverageSession>